

Started GET "/" for ::1 at 2016-01-14 16:40:54 -0500

ActiveRecord::PendingMigrationError (

Migrations are pending. To resolve this issue, run:

	bin/rake db:migrate RAILS_ENV=development

):
  activerecord (4.2.5) lib/active_record/migration.rb:392:in `check_pending!'
  activerecord (4.2.5) lib/active_record/migration.rb:373:in `call'
  actionpack (4.2.5) lib/action_dispatch/middleware/callbacks.rb:29:in `block in call'
  activesupport (4.2.5) lib/active_support/callbacks.rb:88:in `__run_callbacks__'
  activesupport (4.2.5) lib/active_support/callbacks.rb:778:in `_run_call_callbacks'
  activesupport (4.2.5) lib/active_support/callbacks.rb:81:in `run_callbacks'
  actionpack (4.2.5) lib/action_dispatch/middleware/callbacks.rb:27:in `call'
  actionpack (4.2.5) lib/action_dispatch/middleware/reloader.rb:73:in `call'
  actionpack (4.2.5) lib/action_dispatch/middleware/remote_ip.rb:78:in `call'
  actionpack (4.2.5) lib/action_dispatch/middleware/debug_exceptions.rb:17:in `call'
  web-console (2.2.1) lib/web_console/middleware.rb:39:in `call'
  actionpack (4.2.5) lib/action_dispatch/middleware/show_exceptions.rb:30:in `call'
  railties (4.2.5) lib/rails/rack/logger.rb:38:in `call_app'
  railties (4.2.5) lib/rails/rack/logger.rb:20:in `block in call'
  activesupport (4.2.5) lib/active_support/tagged_logging.rb:68:in `block in tagged'
  activesupport (4.2.5) lib/active_support/tagged_logging.rb:26:in `tagged'
  activesupport (4.2.5) lib/active_support/tagged_logging.rb:68:in `tagged'
  railties (4.2.5) lib/rails/rack/logger.rb:20:in `call'
  actionpack (4.2.5) lib/action_dispatch/middleware/request_id.rb:21:in `call'
  rack (1.6.4) lib/rack/methodoverride.rb:22:in `call'
  rack (1.6.4) lib/rack/runtime.rb:18:in `call'
  activesupport (4.2.5) lib/active_support/cache/strategy/local_cache_middleware.rb:28:in `call'
  rack (1.6.4) lib/rack/lock.rb:17:in `call'
  actionpack (4.2.5) lib/action_dispatch/middleware/static.rb:116:in `call'
  rack (1.6.4) lib/rack/sendfile.rb:113:in `call'
  railties (4.2.5) lib/rails/engine.rb:518:in `call'
  railties (4.2.5) lib/rails/application.rb:165:in `call'
  rack (1.6.4) lib/rack/lock.rb:17:in `call'
  rack (1.6.4) lib/rack/content_length.rb:15:in `call'
  rack (1.6.4) lib/rack/handler/webrick.rb:88:in `service'
  /Users/iancandy/.rvm/rubies/ruby-2.2.3/lib/ruby/2.2.0/webrick/httpserver.rb:138:in `service'
  /Users/iancandy/.rvm/rubies/ruby-2.2.3/lib/ruby/2.2.0/webrick/httpserver.rb:94:in `run'
  /Users/iancandy/.rvm/rubies/ruby-2.2.3/lib/ruby/2.2.0/webrick/server.rb:294:in `block in start_thread'


  Rendered /Users/iancandy/.rvm/gems/ruby-2.2.3/gems/actionpack-4.2.5/lib/action_dispatch/middleware/templates/rescues/_source.erb (4.0ms)
  Rendered /Users/iancandy/.rvm/gems/ruby-2.2.3/gems/actionpack-4.2.5/lib/action_dispatch/middleware/templates/rescues/_trace.html.erb (2.4ms)
  Rendered /Users/iancandy/.rvm/gems/ruby-2.2.3/gems/actionpack-4.2.5/lib/action_dispatch/middleware/templates/rescues/_request_and_response.html.erb (1.1ms)
  Rendered /Users/iancandy/.rvm/gems/ruby-2.2.3/gems/actionpack-4.2.5/lib/action_dispatch/middleware/templates/rescues/diagnostics.html.erb within rescues/layout (72.8ms)
  Rendered /Users/iancandy/.rvm/gems/ruby-2.2.3/gems/web-console-2.2.1/lib/web_console/templates/_markup.html.erb (0.6ms)
  Rendered /Users/iancandy/.rvm/gems/ruby-2.2.3/gems/web-console-2.2.1/lib/web_console/templates/_inner_console_markup.html.erb within layouts/inlined_string (0.6ms)
  Rendered /Users/iancandy/.rvm/gems/ruby-2.2.3/gems/web-console-2.2.1/lib/web_console/templates/_prompt_box_markup.html.erb within layouts/inlined_string (0.3ms)
  Rendered /Users/iancandy/.rvm/gems/ruby-2.2.3/gems/web-console-2.2.1/lib/web_console/templates/style.css.erb within layouts/inlined_string (0.5ms)
  Rendered /Users/iancandy/.rvm/gems/ruby-2.2.3/gems/web-console-2.2.1/lib/web_console/templates/console.js.erb within layouts/javascript (52.1ms)
  Rendered /Users/iancandy/.rvm/gems/ruby-2.2.3/gems/web-console-2.2.1/lib/web_console/templates/main.js.erb within layouts/javascript (0.6ms)
  Rendered /Users/iancandy/.rvm/gems/ruby-2.2.3/gems/web-console-2.2.1/lib/web_console/templates/error_page.js.erb within layouts/javascript (0.4ms)
  Rendered /Users/iancandy/.rvm/gems/ruby-2.2.3/gems/web-console-2.2.1/lib/web_console/templates/index.html.erb (127.2ms)
  [1m[36m (1.2ms)[0m  [1mCREATE TABLE "schema_migrations" ("version" varchar NOT NULL) [0m
  [1m[35m (0.1ms)[0m  select sqlite_version(*)
  [1m[36m (1.8ms)[0m  [1mCREATE UNIQUE INDEX "unique_schema_migrations" ON "schema_migrations" ("version")[0m
  [1m[35mActiveRecord::SchemaMigration Load (0.1ms)[0m  SELECT "schema_migrations".* FROM "schema_migrations"
Migrating to CreateUsers (20160114212908)
  [1m[36m (0.1ms)[0m  [1mbegin transaction[0m
  [1m[35m (0.5ms)[0m  CREATE TABLE "users" ("id" INTEGER PRIMARY KEY AUTOINCREMENT NOT NULL, "username" varchar, "email" varchar, "created_at" datetime NOT NULL, "updated_at" datetime NOT NULL) 
  [1m[36mSQL (0.2ms)[0m  [1mINSERT INTO "schema_migrations" ("version") VALUES (?)[0m  [["version", "20160114212908"]]
  [1m[35m (1.2ms)[0m  commit transaction
Migrating to CreatePosts (20160114213006)
  [1m[36m (0.1ms)[0m  [1mbegin transaction[0m
  [1m[35m (0.4ms)[0m  CREATE TABLE "posts" ("id" INTEGER PRIMARY KEY AUTOINCREMENT NOT NULL, "title" varchar, "content" varchar, "created_at" datetime NOT NULL, "updated_at" datetime NOT NULL) 
  [1m[36mSQL (0.2ms)[0m  [1mINSERT INTO "schema_migrations" ("version") VALUES (?)[0m  [["version", "20160114213006"]]
  [1m[35m (3.5ms)[0m  commit transaction
Migrating to CreateComments (20160114213039)
  [1m[36m (0.1ms)[0m  [1mbegin transaction[0m
  [1m[35m (0.4ms)[0m  CREATE TABLE "comments" ("id" INTEGER PRIMARY KEY AUTOINCREMENT NOT NULL, "content" varchar, "user_id" integer, "post_id" integer, "created_at" datetime NOT NULL, "updated_at" datetime NOT NULL) 
  [1m[36mSQL (0.1ms)[0m  [1mINSERT INTO "schema_migrations" ("version") VALUES (?)[0m  [["version", "20160114213039"]]
  [1m[35m (1.0ms)[0m  commit transaction
  [1m[36mActiveRecord::SchemaMigration Load (0.1ms)[0m  [1mSELECT "schema_migrations".* FROM "schema_migrations"[0m


Started GET "/" for ::1 at 2016-01-14 16:41:55 -0500
  [1m[36mActiveRecord::SchemaMigration Load (0.6ms)[0m  [1mSELECT "schema_migrations".* FROM "schema_migrations"[0m
Processing by Rails::WelcomeController#index as HTML
  Rendered /Users/iancandy/.rvm/gems/ruby-2.2.3/gems/railties-4.2.5/lib/rails/templates/rails/welcome/index.html.erb (2.8ms)
Completed 200 OK in 29ms (Views: 16.8ms | ActiveRecord: 0.0ms)


Started GET "/posts" for ::1 at 2016-01-14 16:42:01 -0500
Processing by PostsController#index as HTML
  [1m[35mPost Load (0.6ms)[0m  SELECT "posts".* FROM "posts"
  Rendered posts/index.html.erb within layouts/application (2.8ms)
Completed 200 OK in 1851ms (Views: 1843.3ms | ActiveRecord: 0.8ms)


Started GET "/assets/posts.self-e3b0c44298fc1c149afbf4c8996fb92427ae41e4649b934ca495991b7852b855.css?body=1" for ::1 at 2016-01-14 16:42:03 -0500


Started GET "/assets/users.self-e3b0c44298fc1c149afbf4c8996fb92427ae41e4649b934ca495991b7852b855.css?body=1" for ::1 at 2016-01-14 16:42:03 -0500


Started GET "/assets/jquery.self-c64a74367bda6ef8b860f19e74df08927ca99d2be2ac934e9e92d5fd361e0da4.js?body=1" for ::1 at 2016-01-14 16:42:03 -0500


Started GET "/assets/application.self-e80e8f2318043e8af94dddc2adad5a4f09739a8ebb323b3ab31cd71d45fd9113.css?body=1" for ::1 at 2016-01-14 16:42:03 -0500


Started GET "/assets/jquery_ujs.self-d602bdfe68ffc63b9f9cc512872aa3cfff046228a0a36e90dd476e8ef54c1b09.js?body=1" for ::1 at 2016-01-14 16:42:03 -0500


Started GET "/assets/turbolinks.self-c37727e9bd6b2735da5c311aa83fead54ed0be6cc8bd9a65309e9c5abe2cbfff.js?body=1" for ::1 at 2016-01-14 16:42:03 -0500


Started GET "/assets/posts.self-877aef30ae1b040ab8a3aba4e3e309a11d7f2612f44dde450b5c157aa5f95c05.js?body=1" for ::1 at 2016-01-14 16:42:03 -0500


Started GET "/assets/users.self-877aef30ae1b040ab8a3aba4e3e309a11d7f2612f44dde450b5c157aa5f95c05.js?body=1" for ::1 at 2016-01-14 16:42:03 -0500


Started GET "/assets/application.self-3b8dabdc891efe46b9a144b400ad69e37d7e5876bdc39dee783419a69d7ca819.js?body=1" for ::1 at 2016-01-14 16:42:03 -0500
  [1m[36m (0.1ms)[0m  [1mbegin transaction[0m
  [1m[35mSQL (1.6ms)[0m  INSERT INTO "users" ("username", "created_at", "updated_at") VALUES (?, ?, ?)  [["username", "ian"], ["created_at", "2016-01-14 21:46:11.293759"], ["updated_at", "2016-01-14 21:46:11.293759"]]
  [1m[36m (1.3ms)[0m  [1mcommit transaction[0m
  [1m[35mUser Load (0.4ms)[0m  SELECT  "users".* FROM "users"  ORDER BY "users"."id" ASC LIMIT 1
  [1m[36m (0.1ms)[0m  [1mbegin transaction[0m
  [1m[35mSQL (0.4ms)[0m  INSERT INTO "posts" ("title", "content", "created_at", "updated_at") VALUES (?, ?, ?, ?)  [["title", "A Wonderful Tale"], ["content", "This is a great tale"], ["created_at", "2016-01-14 21:47:02.420863"], ["updated_at", "2016-01-14 21:47:02.420863"]]
  [1m[36m (0.8ms)[0m  [1mcommit transaction[0m
  [1m[35mComment Load (7.8ms)[0m  SELECT  "comments".* FROM "comments"  ORDER BY "comments"."id" ASC LIMIT 1
  [1m[36mPost Load (0.3ms)[0m  [1mSELECT "posts".* FROM "posts"[0m
  [1m[35mPost Load (0.3ms)[0m  SELECT  "posts".* FROM "posts"  ORDER BY "posts"."id" ASC LIMIT 1
  [1m[36mComment Load (0.2ms)[0m  [1mSELECT "comments".* FROM "comments" WHERE "comments"."post_id" = ?[0m  [["post_id", 1]]
  [1m[35mPost Load (0.3ms)[0m  SELECT  "posts".* FROM "posts"  ORDER BY "posts"."id" ASC LIMIT 1
  [1m[36mUser Load (0.3ms)[0m  [1mSELECT  "users".* FROM "users"  ORDER BY "users"."id" ASC LIMIT 1[0m
  [1m[35m (0.1ms)[0m  begin transaction
  [1m[36mSQL (0.7ms)[0m  [1mINSERT INTO "comments" ("user_id", "content", "post_id", "created_at", "updated_at") VALUES (?, ?, ?, ?, ?)[0m  [["user_id", 1], ["content", "This was a pretty cool read!"], ["post_id", 1], ["created_at", "2016-01-14 21:48:30.051270"], ["updated_at", "2016-01-14 21:48:30.051270"]]
  [1m[35m (8.4ms)[0m  commit transaction
  [1m[36mPost Load (0.3ms)[0m  [1mSELECT  "posts".* FROM "posts"  ORDER BY "posts"."id" ASC LIMIT 1[0m
  [1m[35mComment Load (0.2ms)[0m  SELECT "comments".* FROM "comments" WHERE "comments"."post_id" = ?  [["post_id", 1]]
  [1m[36mUser Load (0.3ms)[0m  [1mSELECT  "users".* FROM "users"  ORDER BY "users"."id" ASC LIMIT 1[0m
  [1m[35mComment Load (0.3ms)[0m  SELECT "comments".* FROM "comments" WHERE "comments"."user_id" = ?  [["user_id", 1]]


Started GET "/posts" for ::1 at 2016-01-14 16:49:55 -0500
  [1m[36mActiveRecord::SchemaMigration Load (0.2ms)[0m  [1mSELECT "schema_migrations".* FROM "schema_migrations"[0m
Processing by PostsController#index as HTML
  [1m[35mPost Load (0.2ms)[0m  SELECT "posts".* FROM "posts"
  [1m[36mComment Load (0.3ms)[0m  [1mSELECT "comments".* FROM "comments" WHERE "comments"."post_id" = ?[0m  [["post_id", 1]]
  [1m[35mUser Load (0.2ms)[0m  SELECT  "users".* FROM "users" WHERE "users"."id" = ? LIMIT 1  [["id", 1]]
  Rendered posts/index.html.erb within layouts/application (52.3ms)
Completed 200 OK in 346ms (Views: 325.0ms | ActiveRecord: 1.6ms)


Started GET "/assets/users.self-e3b0c44298fc1c149afbf4c8996fb92427ae41e4649b934ca495991b7852b855.css?body=1" for ::1 at 2016-01-14 16:49:55 -0500


Started GET "/assets/application.self-e80e8f2318043e8af94dddc2adad5a4f09739a8ebb323b3ab31cd71d45fd9113.css?body=1" for ::1 at 2016-01-14 16:49:55 -0500


Started GET "/assets/posts.self-e3b0c44298fc1c149afbf4c8996fb92427ae41e4649b934ca495991b7852b855.css?body=1" for ::1 at 2016-01-14 16:49:55 -0500


Started GET "/assets/jquery.self-c64a74367bda6ef8b860f19e74df08927ca99d2be2ac934e9e92d5fd361e0da4.js?body=1" for ::1 at 2016-01-14 16:49:55 -0500


Started GET "/assets/jquery_ujs.self-d602bdfe68ffc63b9f9cc512872aa3cfff046228a0a36e90dd476e8ef54c1b09.js?body=1" for ::1 at 2016-01-14 16:49:55 -0500


Started GET "/assets/posts.self-877aef30ae1b040ab8a3aba4e3e309a11d7f2612f44dde450b5c157aa5f95c05.js?body=1" for ::1 at 2016-01-14 16:49:55 -0500


Started GET "/assets/users.self-877aef30ae1b040ab8a3aba4e3e309a11d7f2612f44dde450b5c157aa5f95c05.js?body=1" for ::1 at 2016-01-14 16:49:55 -0500


Started GET "/assets/turbolinks.self-c37727e9bd6b2735da5c311aa83fead54ed0be6cc8bd9a65309e9c5abe2cbfff.js?body=1" for ::1 at 2016-01-14 16:49:56 -0500


Started GET "/assets/application.self-3b8dabdc891efe46b9a144b400ad69e37d7e5876bdc39dee783419a69d7ca819.js?body=1" for ::1 at 2016-01-14 16:49:56 -0500


Started GET "/posts" for ::1 at 2016-01-14 16:50:18 -0500
Processing by PostsController#index as HTML
  [1m[36mPost Load (0.3ms)[0m  [1mSELECT "posts".* FROM "posts"[0m
  [1m[35mComment Load (0.2ms)[0m  SELECT "comments".* FROM "comments" WHERE "comments"."post_id" = ?  [["post_id", 1]]
  [1m[36mUser Load (0.2ms)[0m  [1mSELECT  "users".* FROM "users" WHERE "users"."id" = ? LIMIT 1[0m  [["id", 1]]
  Rendered posts/index.html.erb within layouts/application (5.9ms)
Completed 200 OK in 37ms (Views: 35.1ms | ActiveRecord: 0.7ms)


Started GET "/assets/users.self-e3b0c44298fc1c149afbf4c8996fb92427ae41e4649b934ca495991b7852b855.css?body=1" for ::1 at 2016-01-14 16:50:18 -0500


Started GET "/assets/application.self-e80e8f2318043e8af94dddc2adad5a4f09739a8ebb323b3ab31cd71d45fd9113.css?body=1" for ::1 at 2016-01-14 16:50:18 -0500


Started GET "/assets/posts.self-e3b0c44298fc1c149afbf4c8996fb92427ae41e4649b934ca495991b7852b855.css?body=1" for ::1 at 2016-01-14 16:50:18 -0500


Started GET "/assets/turbolinks.self-c37727e9bd6b2735da5c311aa83fead54ed0be6cc8bd9a65309e9c5abe2cbfff.js?body=1" for ::1 at 2016-01-14 16:50:18 -0500


Started GET "/assets/jquery_ujs.self-d602bdfe68ffc63b9f9cc512872aa3cfff046228a0a36e90dd476e8ef54c1b09.js?body=1" for ::1 at 2016-01-14 16:50:18 -0500


Started GET "/assets/jquery.self-c64a74367bda6ef8b860f19e74df08927ca99d2be2ac934e9e92d5fd361e0da4.js?body=1" for ::1 at 2016-01-14 16:50:18 -0500


Started GET "/assets/posts.self-877aef30ae1b040ab8a3aba4e3e309a11d7f2612f44dde450b5c157aa5f95c05.js?body=1" for ::1 at 2016-01-14 16:50:18 -0500


Started GET "/assets/users.self-877aef30ae1b040ab8a3aba4e3e309a11d7f2612f44dde450b5c157aa5f95c05.js?body=1" for ::1 at 2016-01-14 16:50:18 -0500


Started GET "/assets/application.self-3b8dabdc891efe46b9a144b400ad69e37d7e5876bdc39dee783419a69d7ca819.js?body=1" for ::1 at 2016-01-14 16:50:18 -0500


Started GET "/assets/jquery_ujs.self-d602bdfe68ffc63b9f9cc512872aa3cfff046228a0a36e90dd476e8ef54c1b09.js?body=1" for ::1 at 2016-01-14 16:50:18 -0500


Started GET "/assets/turbolinks.self-c37727e9bd6b2735da5c311aa83fead54ed0be6cc8bd9a65309e9c5abe2cbfff.js?body=1" for ::1 at 2016-01-14 16:50:18 -0500


Started GET "/assets/posts.self-877aef30ae1b040ab8a3aba4e3e309a11d7f2612f44dde450b5c157aa5f95c05.js?body=1" for ::1 at 2016-01-14 16:50:18 -0500


Started GET "/assets/users.self-877aef30ae1b040ab8a3aba4e3e309a11d7f2612f44dde450b5c157aa5f95c05.js?body=1" for ::1 at 2016-01-14 16:50:18 -0500


Started GET "/assets/application.self-3b8dabdc891efe46b9a144b400ad69e37d7e5876bdc39dee783419a69d7ca819.js?body=1" for ::1 at 2016-01-14 16:50:18 -0500


Started GET "/posts" for ::1 at 2016-01-14 16:50:28 -0500
Processing by PostsController#index as HTML
  [1m[35mPost Load (0.2ms)[0m  SELECT "posts".* FROM "posts"
  [1m[36mComment Load (0.1ms)[0m  [1mSELECT "comments".* FROM "comments" WHERE "comments"."post_id" = ?[0m  [["post_id", 1]]
  [1m[35mUser Load (0.1ms)[0m  SELECT  "users".* FROM "users" WHERE "users"."id" = ? LIMIT 1  [["id", 1]]
  Rendered posts/index.html.erb within layouts/application (5.4ms)
Completed 200 OK in 39ms (Views: 36.5ms | ActiveRecord: 0.5ms)


Started GET "/assets/posts.self-e3b0c44298fc1c149afbf4c8996fb92427ae41e4649b934ca495991b7852b855.css?body=1" for ::1 at 2016-01-14 16:50:28 -0500


Started GET "/assets/application.self-e80e8f2318043e8af94dddc2adad5a4f09739a8ebb323b3ab31cd71d45fd9113.css?body=1" for ::1 at 2016-01-14 16:50:28 -0500


Started GET "/assets/users.self-e3b0c44298fc1c149afbf4c8996fb92427ae41e4649b934ca495991b7852b855.css?body=1" for ::1 at 2016-01-14 16:50:28 -0500


Started GET "/assets/jquery.self-c64a74367bda6ef8b860f19e74df08927ca99d2be2ac934e9e92d5fd361e0da4.js?body=1" for ::1 at 2016-01-14 16:50:28 -0500


Started GET "/assets/jquery_ujs.self-d602bdfe68ffc63b9f9cc512872aa3cfff046228a0a36e90dd476e8ef54c1b09.js?body=1" for ::1 at 2016-01-14 16:50:28 -0500


Started GET "/assets/turbolinks.self-c37727e9bd6b2735da5c311aa83fead54ed0be6cc8bd9a65309e9c5abe2cbfff.js?body=1" for ::1 at 2016-01-14 16:50:28 -0500


Started GET "/assets/posts.self-877aef30ae1b040ab8a3aba4e3e309a11d7f2612f44dde450b5c157aa5f95c05.js?body=1" for ::1 at 2016-01-14 16:50:28 -0500


Started GET "/assets/users.self-877aef30ae1b040ab8a3aba4e3e309a11d7f2612f44dde450b5c157aa5f95c05.js?body=1" for ::1 at 2016-01-14 16:50:28 -0500


Started GET "/assets/application.self-3b8dabdc891efe46b9a144b400ad69e37d7e5876bdc39dee783419a69d7ca819.js?body=1" for ::1 at 2016-01-14 16:50:28 -0500


Started GET "/users/1" for ::1 at 2016-01-14 16:50:34 -0500
Processing by UsersController#show as HTML
  Parameters: {"id"=>"1"}
  [1m[36mUser Load (0.1ms)[0m  [1mSELECT  "users".* FROM "users" WHERE "users"."id" = ? LIMIT 1[0m  [["id", 1]]
  Rendered users/show.html.erb within layouts/application (1.6ms)
Completed 500 Internal Server Error in 15ms (ActiveRecord: 0.1ms)

SyntaxError (/Users/iancandy/development/curriculum/readmes/displaying-has-many-through-rails/app/views/users/show.html.erb:1: unterminated regexp meets end of file
/Users/iancandy/development/curriculum/readmes/displaying-has-many-through-rails/app/views/users/show.html.erb:1: syntax error, unexpected end-of-input, expecting keyword_end):
  app/views/users/show.html.erb:1: unterminated regexp meets end of file
  app/views/users/show.html.erb:1: syntax error, unexpected end-of-input, expecting keyword_end


  Rendered /Users/iancandy/.rvm/gems/ruby-2.2.3/gems/actionpack-4.2.5/lib/action_dispatch/middleware/templates/rescues/_source.erb (6.8ms)
  Rendered /Users/iancandy/.rvm/gems/ruby-2.2.3/gems/actionpack-4.2.5/lib/action_dispatch/middleware/templates/rescues/_trace.html.erb (2.9ms)
  Rendered /Users/iancandy/.rvm/gems/ruby-2.2.3/gems/actionpack-4.2.5/lib/action_dispatch/middleware/templates/rescues/_request_and_response.html.erb (1.6ms)
  Rendered /Users/iancandy/.rvm/gems/ruby-2.2.3/gems/actionpack-4.2.5/lib/action_dispatch/middleware/templates/rescues/diagnostics.html.erb within rescues/layout (59.9ms)
  Rendered /Users/iancandy/.rvm/gems/ruby-2.2.3/gems/web-console-2.2.1/lib/web_console/templates/_markup.html.erb (0.5ms)
  Rendered /Users/iancandy/.rvm/gems/ruby-2.2.3/gems/web-console-2.2.1/lib/web_console/templates/_inner_console_markup.html.erb within layouts/inlined_string (0.6ms)
  Rendered /Users/iancandy/.rvm/gems/ruby-2.2.3/gems/web-console-2.2.1/lib/web_console/templates/_prompt_box_markup.html.erb within layouts/inlined_string (0.5ms)
  Rendered /Users/iancandy/.rvm/gems/ruby-2.2.3/gems/web-console-2.2.1/lib/web_console/templates/style.css.erb within layouts/inlined_string (0.5ms)
  Rendered /Users/iancandy/.rvm/gems/ruby-2.2.3/gems/web-console-2.2.1/lib/web_console/templates/console.js.erb within layouts/javascript (57.8ms)
  Rendered /Users/iancandy/.rvm/gems/ruby-2.2.3/gems/web-console-2.2.1/lib/web_console/templates/main.js.erb within layouts/javascript (0.3ms)
  Rendered /Users/iancandy/.rvm/gems/ruby-2.2.3/gems/web-console-2.2.1/lib/web_console/templates/error_page.js.erb within layouts/javascript (0.7ms)
  Rendered /Users/iancandy/.rvm/gems/ruby-2.2.3/gems/web-console-2.2.1/lib/web_console/templates/index.html.erb (129.0ms)


Started GET "/users/1" for ::1 at 2016-01-14 16:50:55 -0500
Processing by UsersController#show as HTML
  Parameters: {"id"=>"1"}
  [1m[35mUser Load (0.1ms)[0m  SELECT  "users".* FROM "users" WHERE "users"."id" = ? LIMIT 1  [["id", 1]]
  [1m[36mPost Load (0.3ms)[0m  [1mSELECT "posts".* FROM "posts" INNER JOIN "comments" ON "posts"."id" = "comments"."post_id" WHERE "comments"."user_id" = ?[0m  [["user_id", 1]]
  Rendered users/show.html.erb within layouts/application (29.8ms)
Completed 200 OK in 52ms (Views: 50.4ms | ActiveRecord: 0.5ms)


Started GET "/assets/users.self-e3b0c44298fc1c149afbf4c8996fb92427ae41e4649b934ca495991b7852b855.css?body=1" for ::1 at 2016-01-14 16:50:55 -0500


Started GET "/assets/application.self-e80e8f2318043e8af94dddc2adad5a4f09739a8ebb323b3ab31cd71d45fd9113.css?body=1" for ::1 at 2016-01-14 16:50:55 -0500


Started GET "/assets/posts.self-e3b0c44298fc1c149afbf4c8996fb92427ae41e4649b934ca495991b7852b855.css?body=1" for ::1 at 2016-01-14 16:50:55 -0500


Started GET "/assets/posts.self-877aef30ae1b040ab8a3aba4e3e309a11d7f2612f44dde450b5c157aa5f95c05.js?body=1" for ::1 at 2016-01-14 16:50:55 -0500


Started GET "/assets/jquery_ujs.self-d602bdfe68ffc63b9f9cc512872aa3cfff046228a0a36e90dd476e8ef54c1b09.js?body=1" for ::1 at 2016-01-14 16:50:55 -0500


Started GET "/assets/turbolinks.self-c37727e9bd6b2735da5c311aa83fead54ed0be6cc8bd9a65309e9c5abe2cbfff.js?body=1" for ::1 at 2016-01-14 16:50:55 -0500


Started GET "/assets/jquery.self-c64a74367bda6ef8b860f19e74df08927ca99d2be2ac934e9e92d5fd361e0da4.js?body=1" for ::1 at 2016-01-14 16:50:55 -0500


Started GET "/assets/users.self-877aef30ae1b040ab8a3aba4e3e309a11d7f2612f44dde450b5c157aa5f95c05.js?body=1" for ::1 at 2016-01-14 16:50:55 -0500


Started GET "/assets/application.self-3b8dabdc891efe46b9a144b400ad69e37d7e5876bdc39dee783419a69d7ca819.js?body=1" for ::1 at 2016-01-14 16:50:55 -0500


Started GET "/assets/turbolinks.self-c37727e9bd6b2735da5c311aa83fead54ed0be6cc8bd9a65309e9c5abe2cbfff.js?body=1" for ::1 at 2016-01-14 16:50:55 -0500


Started GET "/assets/posts.self-877aef30ae1b040ab8a3aba4e3e309a11d7f2612f44dde450b5c157aa5f95c05.js?body=1" for ::1 at 2016-01-14 16:50:55 -0500


Started GET "/assets/users.self-877aef30ae1b040ab8a3aba4e3e309a11d7f2612f44dde450b5c157aa5f95c05.js?body=1" for ::1 at 2016-01-14 16:50:55 -0500


Started GET "/assets/application.self-3b8dabdc891efe46b9a144b400ad69e37d7e5876bdc39dee783419a69d7ca819.js?body=1" for ::1 at 2016-01-14 16:50:55 -0500


Started GET "/posts/1" for ::1 at 2016-01-14 17:04:11 -0500
Processing by PostsController#show as HTML
  Parameters: {"id"=>"1"}
  [1m[35mPost Load (0.1ms)[0m  SELECT  "posts".* FROM "posts" WHERE "posts"."id" = ? LIMIT 1  [["id", 1]]
  Rendered posts/show.html.erb within layouts/application (15.0ms)
Completed 500 Internal Server Error in 34ms (ActiveRecord: 1.0ms)

ActionView::Template::Error (undefined local variable or method `post' for #<#<Class:0x007f807f8d1f88>:0x007f807f8b2278>):
    1: <h2><%= post.title %></h2>
    2: <p>
    3:   Content: <%= post.content %>
    4: </p>
  app/views/posts/show.html.erb:1:in `_app_views_posts_show_html_erb___4217766273937227206_70094936180760'


  Rendered /Users/iancandy/.rvm/gems/ruby-2.2.3/gems/actionpack-4.2.5/lib/action_dispatch/middleware/templates/rescues/_source.erb (10.1ms)
  Rendered /Users/iancandy/.rvm/gems/ruby-2.2.3/gems/actionpack-4.2.5/lib/action_dispatch/middleware/templates/rescues/_trace.html.erb (4.1ms)
  Rendered /Users/iancandy/.rvm/gems/ruby-2.2.3/gems/actionpack-4.2.5/lib/action_dispatch/middleware/templates/rescues/_request_and_response.html.erb (1.5ms)
  Rendered /Users/iancandy/.rvm/gems/ruby-2.2.3/gems/actionpack-4.2.5/lib/action_dispatch/middleware/templates/rescues/template_error.html.erb within rescues/layout (68.7ms)
  Rendered /Users/iancandy/.rvm/gems/ruby-2.2.3/gems/web-console-2.2.1/lib/web_console/templates/_markup.html.erb (0.5ms)
  Rendered /Users/iancandy/.rvm/gems/ruby-2.2.3/gems/web-console-2.2.1/lib/web_console/templates/_inner_console_markup.html.erb within layouts/inlined_string (0.3ms)
  Rendered /Users/iancandy/.rvm/gems/ruby-2.2.3/gems/web-console-2.2.1/lib/web_console/templates/_prompt_box_markup.html.erb within layouts/inlined_string (0.3ms)
  Rendered /Users/iancandy/.rvm/gems/ruby-2.2.3/gems/web-console-2.2.1/lib/web_console/templates/style.css.erb within layouts/inlined_string (0.3ms)
  Rendered /Users/iancandy/.rvm/gems/ruby-2.2.3/gems/web-console-2.2.1/lib/web_console/templates/console.js.erb within layouts/javascript (48.4ms)
  Rendered /Users/iancandy/.rvm/gems/ruby-2.2.3/gems/web-console-2.2.1/lib/web_console/templates/main.js.erb within layouts/javascript (0.4ms)
  Rendered /Users/iancandy/.rvm/gems/ruby-2.2.3/gems/web-console-2.2.1/lib/web_console/templates/error_page.js.erb within layouts/javascript (0.4ms)
  Rendered /Users/iancandy/.rvm/gems/ruby-2.2.3/gems/web-console-2.2.1/lib/web_console/templates/index.html.erb (112.3ms)


Started GET "/posts/1" for ::1 at 2016-01-14 17:04:30 -0500
Processing by PostsController#show as HTML
  Parameters: {"id"=>"1"}
  [1m[36mPost Load (0.1ms)[0m  [1mSELECT  "posts".* FROM "posts" WHERE "posts"."id" = ? LIMIT 1[0m  [["id", 1]]
  [1m[35mComment Load (0.2ms)[0m  SELECT "comments".* FROM "comments" WHERE "comments"."post_id" = ?  [["post_id", 1]]
  [1m[36mUser Load (0.1ms)[0m  [1mSELECT  "users".* FROM "users" WHERE "users"."id" = ? LIMIT 1[0m  [["id", 1]]
  Rendered posts/show.html.erb within layouts/application (16.1ms)
Completed 200 OK in 52ms (Views: 49.5ms | ActiveRecord: 0.9ms)


Started GET "/assets/users.self-e3b0c44298fc1c149afbf4c8996fb92427ae41e4649b934ca495991b7852b855.css?body=1" for ::1 at 2016-01-14 17:04:30 -0500


Started GET "/assets/jquery_ujs.self-d602bdfe68ffc63b9f9cc512872aa3cfff046228a0a36e90dd476e8ef54c1b09.js?body=1" for ::1 at 2016-01-14 17:04:30 -0500


Started GET "/assets/jquery.self-c64a74367bda6ef8b860f19e74df08927ca99d2be2ac934e9e92d5fd361e0da4.js?body=1" for ::1 at 2016-01-14 17:04:30 -0500


Started GET "/assets/posts.self-e3b0c44298fc1c149afbf4c8996fb92427ae41e4649b934ca495991b7852b855.css?body=1" for ::1 at 2016-01-14 17:04:30 -0500


Started GET "/assets/application.self-e80e8f2318043e8af94dddc2adad5a4f09739a8ebb323b3ab31cd71d45fd9113.css?body=1" for ::1 at 2016-01-14 17:04:30 -0500


Started GET "/assets/turbolinks.self-c37727e9bd6b2735da5c311aa83fead54ed0be6cc8bd9a65309e9c5abe2cbfff.js?body=1" for ::1 at 2016-01-14 17:04:30 -0500


Started GET "/assets/application.self-3b8dabdc891efe46b9a144b400ad69e37d7e5876bdc39dee783419a69d7ca819.js?body=1" for ::1 at 2016-01-14 17:04:30 -0500


Started GET "/assets/posts.self-877aef30ae1b040ab8a3aba4e3e309a11d7f2612f44dde450b5c157aa5f95c05.js?body=1" for ::1 at 2016-01-14 17:04:30 -0500


Started GET "/assets/users.self-877aef30ae1b040ab8a3aba4e3e309a11d7f2612f44dde450b5c157aa5f95c05.js?body=1" for ::1 at 2016-01-14 17:04:30 -0500


Started GET "/users/1" for ::1 at 2016-01-14 17:04:32 -0500
Processing by UsersController#show as HTML
  Parameters: {"id"=>"1"}
  [1m[35mUser Load (0.1ms)[0m  SELECT  "users".* FROM "users" WHERE "users"."id" = ? LIMIT 1  [["id", 1]]
  [1m[36mPost Load (0.2ms)[0m  [1mSELECT "posts".* FROM "posts" INNER JOIN "comments" ON "posts"."id" = "comments"."post_id" WHERE "comments"."user_id" = ?[0m  [["user_id", 1]]
  Rendered users/show.html.erb within layouts/application (5.2ms)
Completed 200 OK in 29ms (Views: 27.1ms | ActiveRecord: 0.3ms)


Started GET "/users/1" for ::1 at 2016-01-14 17:09:27 -0500
Processing by UsersController#show as HTML
  Parameters: {"id"=>"1"}
  [1m[35mUser Load (0.1ms)[0m  SELECT  "users".* FROM "users" WHERE "users"."id" = ? LIMIT 1  [["id", 1]]
  [1m[36mPost Load (0.1ms)[0m  [1mSELECT "posts".* FROM "posts" INNER JOIN "comments" ON "posts"."id" = "comments"."post_id" WHERE "comments"."user_id" = ?[0m  [["user_id", 1]]
  Rendered users/show.html.erb within layouts/application (2.1ms)
Completed 200 OK in 41ms (Views: 39.4ms | ActiveRecord: 0.3ms)


Started GET "/assets/users.self-e3b0c44298fc1c149afbf4c8996fb92427ae41e4649b934ca495991b7852b855.css?body=1" for ::1 at 2016-01-14 17:09:28 -0500


Started GET "/assets/posts.self-e3b0c44298fc1c149afbf4c8996fb92427ae41e4649b934ca495991b7852b855.css?body=1" for ::1 at 2016-01-14 17:09:28 -0500


Started GET "/assets/jquery_ujs.self-d602bdfe68ffc63b9f9cc512872aa3cfff046228a0a36e90dd476e8ef54c1b09.js?body=1" for ::1 at 2016-01-14 17:09:28 -0500


Started GET "/assets/jquery.self-c64a74367bda6ef8b860f19e74df08927ca99d2be2ac934e9e92d5fd361e0da4.js?body=1" for ::1 at 2016-01-14 17:09:28 -0500


Started GET "/assets/application.self-e80e8f2318043e8af94dddc2adad5a4f09739a8ebb323b3ab31cd71d45fd9113.css?body=1" for ::1 at 2016-01-14 17:09:28 -0500


Started GET "/assets/turbolinks.self-c37727e9bd6b2735da5c311aa83fead54ed0be6cc8bd9a65309e9c5abe2cbfff.js?body=1" for ::1 at 2016-01-14 17:09:28 -0500


Started GET "/assets/posts.self-877aef30ae1b040ab8a3aba4e3e309a11d7f2612f44dde450b5c157aa5f95c05.js?body=1" for ::1 at 2016-01-14 17:09:28 -0500


Started GET "/assets/users.self-877aef30ae1b040ab8a3aba4e3e309a11d7f2612f44dde450b5c157aa5f95c05.js?body=1" for ::1 at 2016-01-14 17:09:28 -0500


Started GET "/assets/application.self-3b8dabdc891efe46b9a144b400ad69e37d7e5876bdc39dee783419a69d7ca819.js?body=1" for ::1 at 2016-01-14 17:09:28 -0500


Started GET "/posts/1" for ::1 at 2016-01-14 17:09:29 -0500
Processing by PostsController#show as HTML
  Parameters: {"id"=>"1"}
  [1m[35mPost Load (0.1ms)[0m  SELECT  "posts".* FROM "posts" WHERE "posts"."id" = ? LIMIT 1  [["id", 1]]
  [1m[36mComment Load (0.2ms)[0m  [1mSELECT "comments".* FROM "comments" WHERE "comments"."post_id" = ?[0m  [["post_id", 1]]
  [1m[35mUser Load (0.2ms)[0m  SELECT  "users".* FROM "users" WHERE "users"."id" = ? LIMIT 1  [["id", 1]]
  Rendered posts/show.html.erb within layouts/application (3.9ms)
Completed 200 OK in 33ms (Views: 31.0ms | ActiveRecord: 0.5ms)


Started GET "/users/1" for ::1 at 2016-01-14 17:09:30 -0500
Processing by UsersController#show as HTML
  Parameters: {"id"=>"1"}
  [1m[36mUser Load (0.1ms)[0m  [1mSELECT  "users".* FROM "users" WHERE "users"."id" = ? LIMIT 1[0m  [["id", 1]]
  [1m[35mPost Load (0.1ms)[0m  SELECT "posts".* FROM "posts" INNER JOIN "comments" ON "posts"."id" = "comments"."post_id" WHERE "comments"."user_id" = ?  [["user_id", 1]]
  Rendered users/show.html.erb within layouts/application (2.1ms)
Completed 200 OK in 25ms (Views: 23.6ms | ActiveRecord: 0.2ms)


Started GET "/posts/1" for ::1 at 2016-01-14 17:09:31 -0500
Processing by PostsController#show as HTML
  Parameters: {"id"=>"1"}
  [1m[36mPost Load (0.1ms)[0m  [1mSELECT  "posts".* FROM "posts" WHERE "posts"."id" = ? LIMIT 1[0m  [["id", 1]]
  [1m[35mComment Load (0.1ms)[0m  SELECT "comments".* FROM "comments" WHERE "comments"."post_id" = ?  [["post_id", 1]]
  [1m[36mUser Load (0.1ms)[0m  [1mSELECT  "users".* FROM "users" WHERE "users"."id" = ? LIMIT 1[0m  [["id", 1]]
  Rendered posts/show.html.erb within layouts/application (1.7ms)
Completed 200 OK in 22ms (Views: 20.5ms | ActiveRecord: 0.3ms)


Started GET "/posts" for ::1 at 2018-03-21 17:10:20 -0400

ActiveRecord::PendingMigrationError (

Migrations are pending. To resolve this issue, run:

	bin/rake db:migrate RAILS_ENV=development

):
  activerecord (4.2.10) lib/active_record/migration.rb:392:in `check_pending!'
  activerecord (4.2.10) lib/active_record/migration.rb:373:in `call'
  actionpack (4.2.10) lib/action_dispatch/middleware/callbacks.rb:29:in `block in call'
  activesupport (4.2.10) lib/active_support/callbacks.rb:88:in `__run_callbacks__'
  activesupport (4.2.10) lib/active_support/callbacks.rb:778:in `_run_call_callbacks'
  activesupport (4.2.10) lib/active_support/callbacks.rb:81:in `run_callbacks'
  actionpack (4.2.10) lib/action_dispatch/middleware/callbacks.rb:27:in `call'
  actionpack (4.2.10) lib/action_dispatch/middleware/reloader.rb:73:in `call'
  actionpack (4.2.10) lib/action_dispatch/middleware/remote_ip.rb:78:in `call'
  actionpack (4.2.10) lib/action_dispatch/middleware/debug_exceptions.rb:17:in `call'
  actionpack (4.2.10) lib/action_dispatch/middleware/show_exceptions.rb:30:in `call'
  railties (4.2.10) lib/rails/rack/logger.rb:38:in `call_app'
  railties (4.2.10) lib/rails/rack/logger.rb:20:in `block in call'
  activesupport (4.2.10) lib/active_support/tagged_logging.rb:68:in `block in tagged'
  activesupport (4.2.10) lib/active_support/tagged_logging.rb:26:in `tagged'
  activesupport (4.2.10) lib/active_support/tagged_logging.rb:68:in `tagged'
  railties (4.2.10) lib/rails/rack/logger.rb:20:in `call'
  actionpack (4.2.10) lib/action_dispatch/middleware/request_id.rb:21:in `call'
  rack (1.6.9) lib/rack/methodoverride.rb:22:in `call'
  rack (1.6.9) lib/rack/runtime.rb:18:in `call'
  activesupport (4.2.10) lib/active_support/cache/strategy/local_cache_middleware.rb:28:in `call'
  rack (1.6.9) lib/rack/lock.rb:17:in `call'
  actionpack (4.2.10) lib/action_dispatch/middleware/static.rb:120:in `call'
  rack (1.6.9) lib/rack/sendfile.rb:113:in `call'
  railties (4.2.10) lib/rails/engine.rb:518:in `call'
  railties (4.2.10) lib/rails/application.rb:165:in `call'
  rack (1.6.9) lib/rack/lock.rb:17:in `call'
  rack (1.6.9) lib/rack/content_length.rb:15:in `call'
  rack (1.6.9) lib/rack/handler/webrick.rb:88:in `service'
  /Users/lidianvilazio/.rvm/rubies/ruby-2.3.3/lib/ruby/2.3.0/webrick/httpserver.rb:140:in `service'
  /Users/lidianvilazio/.rvm/rubies/ruby-2.3.3/lib/ruby/2.3.0/webrick/httpserver.rb:96:in `run'
  /Users/lidianvilazio/.rvm/rubies/ruby-2.3.3/lib/ruby/2.3.0/webrick/server.rb:296:in `block in start_thread'


  Rendered /Users/lidianvilazio/.rvm/gems/ruby-2.3.3/gems/actionpack-4.2.10/lib/action_dispatch/middleware/templates/rescues/_source.erb (2.0ms)
  Rendered /Users/lidianvilazio/.rvm/gems/ruby-2.3.3/gems/actionpack-4.2.10/lib/action_dispatch/middleware/templates/rescues/_trace.html.erb (1.2ms)
  Rendered /Users/lidianvilazio/.rvm/gems/ruby-2.3.3/gems/actionpack-4.2.10/lib/action_dispatch/middleware/templates/rescues/_request_and_response.html.erb (0.9ms)
  Rendered /Users/lidianvilazio/.rvm/gems/ruby-2.3.3/gems/actionpack-4.2.10/lib/action_dispatch/middleware/templates/rescues/diagnostics.html.erb within rescues/layout (76.4ms)
  [1m[36m (7.0ms)[0m  [1mCREATE TABLE "schema_migrations" ("version" varchar NOT NULL) [0m
  [1m[35m (0.1ms)[0m  select sqlite_version(*)
  [1m[36m (1.4ms)[0m  [1mCREATE UNIQUE INDEX "unique_schema_migrations" ON "schema_migrations" ("version")[0m
  [1m[35mActiveRecord::SchemaMigration Load (0.1ms)[0m  SELECT "schema_migrations".* FROM "schema_migrations"
Migrating to CreateUsers (20160114212908)
  [1m[36m (0.1ms)[0m  [1mbegin transaction[0m
  [1m[35m (0.4ms)[0m  CREATE TABLE "users" ("id" INTEGER PRIMARY KEY AUTOINCREMENT NOT NULL, "username" varchar, "email" varchar, "created_at" datetime NOT NULL, "updated_at" datetime NOT NULL) 
  [1m[36mSQL (0.2ms)[0m  [1mINSERT INTO "schema_migrations" ("version") VALUES (?)[0m  [["version", "20160114212908"]]
  [1m[35m (1.2ms)[0m  commit transaction
Migrating to CreatePosts (20160114213006)
  [1m[36m (0.1ms)[0m  [1mbegin transaction[0m
  [1m[35m (0.4ms)[0m  CREATE TABLE "posts" ("id" INTEGER PRIMARY KEY AUTOINCREMENT NOT NULL, "title" varchar, "content" varchar, "created_at" datetime NOT NULL, "updated_at" datetime NOT NULL) 
  [1m[36mSQL (0.2ms)[0m  [1mINSERT INTO "schema_migrations" ("version") VALUES (?)[0m  [["version", "20160114213006"]]
  [1m[35m (1.0ms)[0m  commit transaction
Migrating to CreateComments (20160114213039)
  [1m[36m (0.1ms)[0m  [1mbegin transaction[0m
  [1m[35m (0.3ms)[0m  CREATE TABLE "comments" ("id" INTEGER PRIMARY KEY AUTOINCREMENT NOT NULL, "content" varchar, "user_id" integer, "post_id" integer, "created_at" datetime NOT NULL, "updated_at" datetime NOT NULL) 
  [1m[36mSQL (0.2ms)[0m  [1mINSERT INTO "schema_migrations" ("version") VALUES (?)[0m  [["version", "20160114213039"]]
  [1m[35m (1.0ms)[0m  commit transaction
  [1m[36mActiveRecord::SchemaMigration Load (0.1ms)[0m  [1mSELECT "schema_migrations".* FROM "schema_migrations"[0m


Started GET "/posts" for ::1 at 2018-03-21 17:10:44 -0400
  [1m[36mActiveRecord::SchemaMigration Load (0.1ms)[0m  [1mSELECT "schema_migrations".* FROM "schema_migrations"[0m

AbstractController::ActionNotFound (The action 'index' could not be found for PostsController):
  actionpack (4.2.10) lib/abstract_controller/base.rb:132:in `process'
  actionview (4.2.10) lib/action_view/rendering.rb:30:in `process'
  actionpack (4.2.10) lib/action_controller/metal.rb:196:in `dispatch'
  actionpack (4.2.10) lib/action_controller/metal/rack_delegation.rb:13:in `dispatch'
  actionpack (4.2.10) lib/action_controller/metal.rb:237:in `block in action'
  actionpack (4.2.10) lib/action_dispatch/routing/route_set.rb:74:in `dispatch'
  actionpack (4.2.10) lib/action_dispatch/routing/route_set.rb:43:in `serve'
  actionpack (4.2.10) lib/action_dispatch/journey/router.rb:43:in `block in serve'
  actionpack (4.2.10) lib/action_dispatch/journey/router.rb:30:in `each'
  actionpack (4.2.10) lib/action_dispatch/journey/router.rb:30:in `serve'
  actionpack (4.2.10) lib/action_dispatch/routing/route_set.rb:817:in `call'
  rack (1.6.9) lib/rack/etag.rb:24:in `call'
  rack (1.6.9) lib/rack/conditionalget.rb:25:in `call'
  rack (1.6.9) lib/rack/head.rb:13:in `call'
  actionpack (4.2.10) lib/action_dispatch/middleware/params_parser.rb:27:in `call'
  actionpack (4.2.10) lib/action_dispatch/middleware/flash.rb:260:in `call'
  rack (1.6.9) lib/rack/session/abstract/id.rb:225:in `context'
  rack (1.6.9) lib/rack/session/abstract/id.rb:220:in `call'
  actionpack (4.2.10) lib/action_dispatch/middleware/cookies.rb:560:in `call'
  activerecord (4.2.10) lib/active_record/query_cache.rb:36:in `call'
  activerecord (4.2.10) lib/active_record/connection_adapters/abstract/connection_pool.rb:653:in `call'
  activerecord (4.2.10) lib/active_record/migration.rb:377:in `call'
  actionpack (4.2.10) lib/action_dispatch/middleware/callbacks.rb:29:in `block in call'
  activesupport (4.2.10) lib/active_support/callbacks.rb:88:in `__run_callbacks__'
  activesupport (4.2.10) lib/active_support/callbacks.rb:778:in `_run_call_callbacks'
  activesupport (4.2.10) lib/active_support/callbacks.rb:81:in `run_callbacks'
  actionpack (4.2.10) lib/action_dispatch/middleware/callbacks.rb:27:in `call'
  actionpack (4.2.10) lib/action_dispatch/middleware/reloader.rb:73:in `call'
  actionpack (4.2.10) lib/action_dispatch/middleware/remote_ip.rb:78:in `call'
  actionpack (4.2.10) lib/action_dispatch/middleware/debug_exceptions.rb:17:in `call'
  actionpack (4.2.10) lib/action_dispatch/middleware/show_exceptions.rb:30:in `call'
  railties (4.2.10) lib/rails/rack/logger.rb:38:in `call_app'
  railties (4.2.10) lib/rails/rack/logger.rb:20:in `block in call'
  activesupport (4.2.10) lib/active_support/tagged_logging.rb:68:in `block in tagged'
  activesupport (4.2.10) lib/active_support/tagged_logging.rb:26:in `tagged'
  activesupport (4.2.10) lib/active_support/tagged_logging.rb:68:in `tagged'
  railties (4.2.10) lib/rails/rack/logger.rb:20:in `call'
  actionpack (4.2.10) lib/action_dispatch/middleware/request_id.rb:21:in `call'
  rack (1.6.9) lib/rack/methodoverride.rb:22:in `call'
  rack (1.6.9) lib/rack/runtime.rb:18:in `call'
  activesupport (4.2.10) lib/active_support/cache/strategy/local_cache_middleware.rb:28:in `call'
  rack (1.6.9) lib/rack/lock.rb:17:in `call'
  actionpack (4.2.10) lib/action_dispatch/middleware/static.rb:120:in `call'
  rack (1.6.9) lib/rack/sendfile.rb:113:in `call'
  railties (4.2.10) lib/rails/engine.rb:518:in `call'
  railties (4.2.10) lib/rails/application.rb:165:in `call'
  rack (1.6.9) lib/rack/lock.rb:17:in `call'
  rack (1.6.9) lib/rack/content_length.rb:15:in `call'
  rack (1.6.9) lib/rack/handler/webrick.rb:88:in `service'
  /Users/lidianvilazio/.rvm/rubies/ruby-2.3.3/lib/ruby/2.3.0/webrick/httpserver.rb:140:in `service'
  /Users/lidianvilazio/.rvm/rubies/ruby-2.3.3/lib/ruby/2.3.0/webrick/httpserver.rb:96:in `run'
  /Users/lidianvilazio/.rvm/rubies/ruby-2.3.3/lib/ruby/2.3.0/webrick/server.rb:296:in `block in start_thread'


  Rendered /Users/lidianvilazio/.rvm/gems/ruby-2.3.3/gems/actionpack-4.2.10/lib/action_dispatch/middleware/templates/rescues/unknown_action.html.erb within rescues/layout (0.4ms)


Started GET "/posts/1/edit" for ::1 at 2018-03-21 17:10:49 -0400

AbstractController::ActionNotFound (The action 'edit' could not be found for PostsController):
  actionpack (4.2.10) lib/abstract_controller/base.rb:132:in `process'
  actionview (4.2.10) lib/action_view/rendering.rb:30:in `process'
  actionpack (4.2.10) lib/action_controller/metal.rb:196:in `dispatch'
  actionpack (4.2.10) lib/action_controller/metal/rack_delegation.rb:13:in `dispatch'
  actionpack (4.2.10) lib/action_controller/metal.rb:237:in `block in action'
  actionpack (4.2.10) lib/action_dispatch/routing/route_set.rb:74:in `dispatch'
  actionpack (4.2.10) lib/action_dispatch/routing/route_set.rb:43:in `serve'
  actionpack (4.2.10) lib/action_dispatch/journey/router.rb:43:in `block in serve'
  actionpack (4.2.10) lib/action_dispatch/journey/router.rb:30:in `each'
  actionpack (4.2.10) lib/action_dispatch/journey/router.rb:30:in `serve'
  actionpack (4.2.10) lib/action_dispatch/routing/route_set.rb:817:in `call'
  rack (1.6.9) lib/rack/etag.rb:24:in `call'
  rack (1.6.9) lib/rack/conditionalget.rb:25:in `call'
  rack (1.6.9) lib/rack/head.rb:13:in `call'
  actionpack (4.2.10) lib/action_dispatch/middleware/params_parser.rb:27:in `call'
  actionpack (4.2.10) lib/action_dispatch/middleware/flash.rb:260:in `call'
  rack (1.6.9) lib/rack/session/abstract/id.rb:225:in `context'
  rack (1.6.9) lib/rack/session/abstract/id.rb:220:in `call'
  actionpack (4.2.10) lib/action_dispatch/middleware/cookies.rb:560:in `call'
  activerecord (4.2.10) lib/active_record/query_cache.rb:36:in `call'
  activerecord (4.2.10) lib/active_record/connection_adapters/abstract/connection_pool.rb:653:in `call'
  activerecord (4.2.10) lib/active_record/migration.rb:377:in `call'
  actionpack (4.2.10) lib/action_dispatch/middleware/callbacks.rb:29:in `block in call'
  activesupport (4.2.10) lib/active_support/callbacks.rb:88:in `__run_callbacks__'
  activesupport (4.2.10) lib/active_support/callbacks.rb:778:in `_run_call_callbacks'
  activesupport (4.2.10) lib/active_support/callbacks.rb:81:in `run_callbacks'
  actionpack (4.2.10) lib/action_dispatch/middleware/callbacks.rb:27:in `call'
  actionpack (4.2.10) lib/action_dispatch/middleware/reloader.rb:73:in `call'
  actionpack (4.2.10) lib/action_dispatch/middleware/remote_ip.rb:78:in `call'
  actionpack (4.2.10) lib/action_dispatch/middleware/debug_exceptions.rb:17:in `call'
  actionpack (4.2.10) lib/action_dispatch/middleware/show_exceptions.rb:30:in `call'
  railties (4.2.10) lib/rails/rack/logger.rb:38:in `call_app'
  railties (4.2.10) lib/rails/rack/logger.rb:20:in `block in call'
  activesupport (4.2.10) lib/active_support/tagged_logging.rb:68:in `block in tagged'
  activesupport (4.2.10) lib/active_support/tagged_logging.rb:26:in `tagged'
  activesupport (4.2.10) lib/active_support/tagged_logging.rb:68:in `tagged'
  railties (4.2.10) lib/rails/rack/logger.rb:20:in `call'
  actionpack (4.2.10) lib/action_dispatch/middleware/request_id.rb:21:in `call'
  rack (1.6.9) lib/rack/methodoverride.rb:22:in `call'
  rack (1.6.9) lib/rack/runtime.rb:18:in `call'
  activesupport (4.2.10) lib/active_support/cache/strategy/local_cache_middleware.rb:28:in `call'
  rack (1.6.9) lib/rack/lock.rb:17:in `call'
  actionpack (4.2.10) lib/action_dispatch/middleware/static.rb:120:in `call'
  rack (1.6.9) lib/rack/sendfile.rb:113:in `call'
  railties (4.2.10) lib/rails/engine.rb:518:in `call'
  railties (4.2.10) lib/rails/application.rb:165:in `call'
  rack (1.6.9) lib/rack/lock.rb:17:in `call'
  rack (1.6.9) lib/rack/content_length.rb:15:in `call'
  rack (1.6.9) lib/rack/handler/webrick.rb:88:in `service'
  /Users/lidianvilazio/.rvm/rubies/ruby-2.3.3/lib/ruby/2.3.0/webrick/httpserver.rb:140:in `service'
  /Users/lidianvilazio/.rvm/rubies/ruby-2.3.3/lib/ruby/2.3.0/webrick/httpserver.rb:96:in `run'
  /Users/lidianvilazio/.rvm/rubies/ruby-2.3.3/lib/ruby/2.3.0/webrick/server.rb:296:in `block in start_thread'


  Rendered /Users/lidianvilazio/.rvm/gems/ruby-2.3.3/gems/actionpack-4.2.10/lib/action_dispatch/middleware/templates/rescues/unknown_action.html.erb within rescues/layout (0.3ms)


Started GET "/posts/1" for ::1 at 2018-03-21 17:10:54 -0400
Processing by PostsController#show as HTML
  Parameters: {"id"=>"1"}
  [1m[35mPost Load (0.2ms)[0m  SELECT  "posts".* FROM "posts" WHERE "posts"."id" = ? LIMIT 1  [["id", 1]]
Completed 404 Not Found in 29ms (ActiveRecord: 1.5ms)

ActiveRecord::RecordNotFound (Couldn't find Post with 'id'=1):
  app/controllers/posts_controller.rb:4:in `show'


  Rendered /Users/lidianvilazio/.rvm/gems/ruby-2.3.3/gems/actionpack-4.2.10/lib/action_dispatch/middleware/templates/rescues/_source.erb (3.4ms)
  Rendered /Users/lidianvilazio/.rvm/gems/ruby-2.3.3/gems/actionpack-4.2.10/lib/action_dispatch/middleware/templates/rescues/_trace.html.erb (1.5ms)
  Rendered /Users/lidianvilazio/.rvm/gems/ruby-2.3.3/gems/actionpack-4.2.10/lib/action_dispatch/middleware/templates/rescues/_request_and_response.html.erb (0.7ms)
  Rendered /Users/lidianvilazio/.rvm/gems/ruby-2.3.3/gems/actionpack-4.2.10/lib/action_dispatch/middleware/templates/rescues/diagnostics.html.erb within rescues/layout (74.2ms)
  [1m[36mActiveRecord::SchemaMigration Load (0.1ms)[0m  [1mSELECT "schema_migrations".* FROM "schema_migrations"[0m
  [1m[36mActiveRecord::SchemaMigration Load (0.1ms)[0m  [1mSELECT "schema_migrations".* FROM "schema_migrations"[0m
  [1m[35m (0.0ms)[0m  begin transaction
  [1m[36mSQL (0.4ms)[0m  [1mINSERT INTO "users" ("username", "email", "created_at", "updated_at") VALUES (?, ?, ?, ?)[0m  [["username", "Meredith Grey"], ["email", "meredithgrey@hotmail.com"], ["created_at", "2018-03-21 21:15:43.846705"], ["updated_at", "2018-03-21 21:15:43.846705"]]
  [1m[35m (6.8ms)[0m  commit transaction
  [1m[36m (0.1ms)[0m  [1mbegin transaction[0m
  [1m[35mSQL (0.3ms)[0m  INSERT INTO "users" ("username", "email", "created_at", "updated_at") VALUES (?, ?, ?, ?)  [["username", "Hawkeye Pierce"], ["email", "hawkeyepierce@hotmail.com"], ["created_at", "2018-03-21 21:15:43.855939"], ["updated_at", "2018-03-21 21:15:43.855939"]]
  [1m[36m (1.1ms)[0m  [1mcommit transaction[0m
  [1m[35m (0.1ms)[0m  begin transaction
  [1m[36mSQL (0.3ms)[0m  [1mINSERT INTO "users" ("username", "email", "created_at", "updated_at") VALUES (?, ?, ?, ?)[0m  [["username", "Leonard 'Bones' McCoy"], ["email", "leonard'bones'mcCoy@hotmail.com"], ["created_at", "2018-03-21 21:15:43.859168"], ["updated_at", "2018-03-21 21:15:43.859168"]]
  [1m[35m (1.0ms)[0m  commit transaction
  [1m[36m (0.1ms)[0m  [1mbegin transaction[0m
  [1m[35mSQL (0.3ms)[0m  INSERT INTO "users" ("username", "email", "created_at", "updated_at") VALUES (?, ?, ?, ?)  [["username", "Phillip Chandler"], ["email", "phillipchandler@hotmail.com"], ["created_at", "2018-03-21 21:15:43.862148"], ["updated_at", "2018-03-21 21:15:43.862148"]]
  [1m[36m (1.0ms)[0m  [1mcommit transaction[0m
  [1m[35m (0.0ms)[0m  begin transaction
  [1m[36mSQL (0.3ms)[0m  [1mINSERT INTO "users" ("username", "email", "created_at", "updated_at") VALUES (?, ?, ?, ?)[0m  [["username", "Michaela Quinn"], ["email", "michaelaquinn@hotmail.com"], ["created_at", "2018-03-21 21:15:43.864904"], ["updated_at", "2018-03-21 21:15:43.864904"]]
  [1m[35m (0.8ms)[0m  commit transaction


Started GET "/posts/1" for ::1 at 2018-03-21 17:15:47 -0400
Processing by PostsController#show as HTML
  Parameters: {"id"=>"1"}
  [1m[36mPost Load (0.1ms)[0m  [1mSELECT  "posts".* FROM "posts" WHERE "posts"."id" = ? LIMIT 1[0m  [["id", 1]]
Completed 404 Not Found in 1ms (ActiveRecord: 0.1ms)

ActiveRecord::RecordNotFound (Couldn't find Post with 'id'=1):
  app/controllers/posts_controller.rb:4:in `show'


  Rendered /Users/lidianvilazio/.rvm/gems/ruby-2.3.3/gems/actionpack-4.2.10/lib/action_dispatch/middleware/templates/rescues/_source.erb (3.3ms)
  Rendered /Users/lidianvilazio/.rvm/gems/ruby-2.3.3/gems/actionpack-4.2.10/lib/action_dispatch/middleware/templates/rescues/_trace.html.erb (2.1ms)
  Rendered /Users/lidianvilazio/.rvm/gems/ruby-2.3.3/gems/actionpack-4.2.10/lib/action_dispatch/middleware/templates/rescues/_request_and_response.html.erb (0.7ms)
  Rendered /Users/lidianvilazio/.rvm/gems/ruby-2.3.3/gems/actionpack-4.2.10/lib/action_dispatch/middleware/templates/rescues/diagnostics.html.erb within rescues/layout (74.1ms)


Started GET "/users" for ::1 at 2018-03-21 17:15:57 -0400

AbstractController::ActionNotFound (The action 'index' could not be found for UsersController):
  actionpack (4.2.10) lib/abstract_controller/base.rb:132:in `process'
  actionview (4.2.10) lib/action_view/rendering.rb:30:in `process'
  actionpack (4.2.10) lib/action_controller/metal.rb:196:in `dispatch'
  actionpack (4.2.10) lib/action_controller/metal/rack_delegation.rb:13:in `dispatch'
  actionpack (4.2.10) lib/action_controller/metal.rb:237:in `block in action'
  actionpack (4.2.10) lib/action_dispatch/routing/route_set.rb:74:in `dispatch'
  actionpack (4.2.10) lib/action_dispatch/routing/route_set.rb:43:in `serve'
  actionpack (4.2.10) lib/action_dispatch/journey/router.rb:43:in `block in serve'
  actionpack (4.2.10) lib/action_dispatch/journey/router.rb:30:in `each'
  actionpack (4.2.10) lib/action_dispatch/journey/router.rb:30:in `serve'
  actionpack (4.2.10) lib/action_dispatch/routing/route_set.rb:817:in `call'
  rack (1.6.9) lib/rack/etag.rb:24:in `call'
  rack (1.6.9) lib/rack/conditionalget.rb:25:in `call'
  rack (1.6.9) lib/rack/head.rb:13:in `call'
  actionpack (4.2.10) lib/action_dispatch/middleware/params_parser.rb:27:in `call'
  actionpack (4.2.10) lib/action_dispatch/middleware/flash.rb:260:in `call'
  rack (1.6.9) lib/rack/session/abstract/id.rb:225:in `context'
  rack (1.6.9) lib/rack/session/abstract/id.rb:220:in `call'
  actionpack (4.2.10) lib/action_dispatch/middleware/cookies.rb:560:in `call'
  activerecord (4.2.10) lib/active_record/query_cache.rb:36:in `call'
  activerecord (4.2.10) lib/active_record/connection_adapters/abstract/connection_pool.rb:653:in `call'
  activerecord (4.2.10) lib/active_record/migration.rb:377:in `call'
  actionpack (4.2.10) lib/action_dispatch/middleware/callbacks.rb:29:in `block in call'
  activesupport (4.2.10) lib/active_support/callbacks.rb:88:in `__run_callbacks__'
  activesupport (4.2.10) lib/active_support/callbacks.rb:778:in `_run_call_callbacks'
  activesupport (4.2.10) lib/active_support/callbacks.rb:81:in `run_callbacks'
  actionpack (4.2.10) lib/action_dispatch/middleware/callbacks.rb:27:in `call'
  actionpack (4.2.10) lib/action_dispatch/middleware/reloader.rb:73:in `call'
  actionpack (4.2.10) lib/action_dispatch/middleware/remote_ip.rb:78:in `call'
  actionpack (4.2.10) lib/action_dispatch/middleware/debug_exceptions.rb:17:in `call'
  actionpack (4.2.10) lib/action_dispatch/middleware/show_exceptions.rb:30:in `call'
  railties (4.2.10) lib/rails/rack/logger.rb:38:in `call_app'
  railties (4.2.10) lib/rails/rack/logger.rb:20:in `block in call'
  activesupport (4.2.10) lib/active_support/tagged_logging.rb:68:in `block in tagged'
  activesupport (4.2.10) lib/active_support/tagged_logging.rb:26:in `tagged'
  activesupport (4.2.10) lib/active_support/tagged_logging.rb:68:in `tagged'
  railties (4.2.10) lib/rails/rack/logger.rb:20:in `call'
  actionpack (4.2.10) lib/action_dispatch/middleware/request_id.rb:21:in `call'
  rack (1.6.9) lib/rack/methodoverride.rb:22:in `call'
  rack (1.6.9) lib/rack/runtime.rb:18:in `call'
  activesupport (4.2.10) lib/active_support/cache/strategy/local_cache_middleware.rb:28:in `call'
  rack (1.6.9) lib/rack/lock.rb:17:in `call'
  actionpack (4.2.10) lib/action_dispatch/middleware/static.rb:120:in `call'
  rack (1.6.9) lib/rack/sendfile.rb:113:in `call'
  railties (4.2.10) lib/rails/engine.rb:518:in `call'
  railties (4.2.10) lib/rails/application.rb:165:in `call'
  rack (1.6.9) lib/rack/lock.rb:17:in `call'
  rack (1.6.9) lib/rack/content_length.rb:15:in `call'
  rack (1.6.9) lib/rack/handler/webrick.rb:88:in `service'
  /Users/lidianvilazio/.rvm/rubies/ruby-2.3.3/lib/ruby/2.3.0/webrick/httpserver.rb:140:in `service'
  /Users/lidianvilazio/.rvm/rubies/ruby-2.3.3/lib/ruby/2.3.0/webrick/httpserver.rb:96:in `run'
  /Users/lidianvilazio/.rvm/rubies/ruby-2.3.3/lib/ruby/2.3.0/webrick/server.rb:296:in `block in start_thread'


  Rendered /Users/lidianvilazio/.rvm/gems/ruby-2.3.3/gems/actionpack-4.2.10/lib/action_dispatch/middleware/templates/rescues/unknown_action.html.erb within rescues/layout (0.3ms)


Started GET "/users/1" for ::1 at 2018-03-21 17:16:02 -0400
Processing by UsersController#show as HTML
  Parameters: {"id"=>"1"}
  [1m[35mUser Load (0.1ms)[0m  SELECT  "users".* FROM "users" WHERE "users"."id" = ? LIMIT 1  [["id", 1]]
  [1m[36mPost Load (0.3ms)[0m  [1mSELECT "posts".* FROM "posts" INNER JOIN "comments" ON "posts"."id" = "comments"."post_id" WHERE "comments"."user_id" = ?[0m  [["user_id", 1]]
  Rendered users/show.html.erb within layouts/application (27.8ms)
Completed 200 OK in 742ms (Views: 734.6ms | ActiveRecord: 0.7ms)


Started GET "/assets/users.self-e3b0c44298fc1c149afbf4c8996fb92427ae41e4649b934ca495991b7852b855.css?body=1" for ::1 at 2018-03-21 17:16:02 -0400


Started GET "/assets/posts.self-877aef30ae1b040ab8a3aba4e3e309a11d7f2612f44dde450b5c157aa5f95c05.js?body=1" for ::1 at 2018-03-21 17:16:02 -0400


Started GET "/assets/posts.self-e3b0c44298fc1c149afbf4c8996fb92427ae41e4649b934ca495991b7852b855.css?body=1" for ::1 at 2018-03-21 17:16:02 -0400


Started GET "/assets/users.self-877aef30ae1b040ab8a3aba4e3e309a11d7f2612f44dde450b5c157aa5f95c05.js?body=1" for ::1 at 2018-03-21 17:16:02 -0400
  [1m[36mActiveRecord::SchemaMigration Load (0.1ms)[0m  [1mSELECT "schema_migrations".* FROM "schema_migrations"[0m
  [1m[35m (0.0ms)[0m  begin transaction
  [1m[36mSQL (0.5ms)[0m  [1mINSERT INTO "users" ("username", "email", "created_at", "updated_at") VALUES (?, ?, ?, ?)[0m  [["username", "Meredith Grey"], ["email", "meredithgrey@hotmail.com"], ["created_at", "2018-03-21 21:27:22.540626"], ["updated_at", "2018-03-21 21:27:22.540626"]]
  [1m[35m (1.1ms)[0m  commit transaction
  [1m[36m (0.0ms)[0m  [1mbegin transaction[0m
  [1m[35mSQL (0.3ms)[0m  INSERT INTO "users" ("username", "email", "created_at", "updated_at") VALUES (?, ?, ?, ?)  [["username", "Hawkeye Pierce"], ["email", "hawkeyepierce@hotmail.com"], ["created_at", "2018-03-21 21:27:22.544221"], ["updated_at", "2018-03-21 21:27:22.544221"]]
  [1m[36m (0.8ms)[0m  [1mcommit transaction[0m
  [1m[35m (0.0ms)[0m  begin transaction
  [1m[36mSQL (0.3ms)[0m  [1mINSERT INTO "users" ("username", "email", "created_at", "updated_at") VALUES (?, ?, ?, ?)[0m  [["username", "Leonard 'Bones' McCoy"], ["email", "leonard'bones'mcCoy@hotmail.com"], ["created_at", "2018-03-21 21:27:22.546824"], ["updated_at", "2018-03-21 21:27:22.546824"]]
  [1m[35m (1.1ms)[0m  commit transaction
  [1m[36m (0.0ms)[0m  [1mbegin transaction[0m
  [1m[35mSQL (0.3ms)[0m  INSERT INTO "users" ("username", "email", "created_at", "updated_at") VALUES (?, ?, ?, ?)  [["username", "Phillip Chandler"], ["email", "phillipchandler@hotmail.com"], ["created_at", "2018-03-21 21:27:22.549610"], ["updated_at", "2018-03-21 21:27:22.549610"]]
  [1m[36m (0.8ms)[0m  [1mcommit transaction[0m
  [1m[35m (0.1ms)[0m  begin transaction
  [1m[36mSQL (0.3ms)[0m  [1mINSERT INTO "users" ("username", "email", "created_at", "updated_at") VALUES (?, ?, ?, ?)[0m  [["username", "Michaela Quinn"], ["email", "michaelaquinn@hotmail.com"], ["created_at", "2018-03-21 21:27:22.552001"], ["updated_at", "2018-03-21 21:27:22.552001"]]
  [1m[35m (0.9ms)[0m  commit transaction
  [1m[36m (0.0ms)[0m  [1mbegin transaction[0m
  [1m[35mSQL (0.3ms)[0m  INSERT INTO "posts" ("title", "content", "created_at", "updated_at") VALUES (?, ?, ?, ?)  [["title", "Homer Simpson and fairy tail"], ["content", "Once upon a time"], ["created_at", "2018-03-21 21:27:22.558762"], ["updated_at", "2018-03-21 21:27:22.558762"]]
  [1m[36m (0.8ms)[0m  [1mcommit transaction[0m
  [1m[35m (0.1ms)[0m  begin transaction
  [1m[36mSQL (0.3ms)[0m  [1mINSERT INTO "posts" ("title", "content", "created_at", "updated_at") VALUES (?, ?, ?, ?)[0m  [["title", "Bart Simpson tries"], ["content", "Era uma vez"], ["created_at", "2018-03-21 21:27:22.561108"], ["updated_at", "2018-03-21 21:27:22.561108"]]
  [1m[35m (0.8ms)[0m  commit transaction
  [1m[36m (0.0ms)[0m  [1mbegin transaction[0m
  [1m[35mSQL (0.2ms)[0m  INSERT INTO "posts" ("title", "content", "created_at", "updated_at") VALUES (?, ?, ?, ?)  [["title", "Marge Simpson in love"], ["content", "I love cats"], ["created_at", "2018-03-21 21:27:22.563433"], ["updated_at", "2018-03-21 21:27:22.563433"]]
  [1m[36m (0.8ms)[0m  [1mcommit transaction[0m
  [1m[35m (0.0ms)[0m  begin transaction
  [1m[36mSQL (0.3ms)[0m  [1mINSERT INTO "posts" ("title", "content", "created_at", "updated_at") VALUES (?, ?, ?, ?)[0m  [["title", "Lisa Simpson "], ["content", "Life is beautiful"], ["created_at", "2018-03-21 21:27:22.565722"], ["updated_at", "2018-03-21 21:27:22.565722"]]
  [1m[35m (0.9ms)[0m  commit transaction
  [1m[36m (0.0ms)[0m  [1mbegin transaction[0m
  [1m[35mSQL (0.2ms)[0m  INSERT INTO "posts" ("title", "content", "created_at", "updated_at") VALUES (?, ?, ?, ?)  [["title", "Maggie Simpson ask"], ["content", "Why do babies cry"], ["created_at", "2018-03-21 21:27:22.568095"], ["updated_at", "2018-03-21 21:27:22.568095"]]
  [1m[36m (0.7ms)[0m  [1mcommit transaction[0m
  [1m[36mActiveRecord::SchemaMigration Load (0.1ms)[0m  [1mSELECT "schema_migrations".* FROM "schema_migrations"[0m
  [1m[35m (0.0ms)[0m  begin transaction
  [1m[36mSQL (0.4ms)[0m  [1mINSERT INTO "users" ("username", "email", "created_at", "updated_at") VALUES (?, ?, ?, ?)[0m  [["username", "Meredith Grey"], ["email", "meredithgrey@hotmail.com"], ["created_at", "2018-03-21 21:27:41.088142"], ["updated_at", "2018-03-21 21:27:41.088142"]]
  [1m[35m (6.6ms)[0m  commit transaction
  [1m[36m (0.1ms)[0m  [1mbegin transaction[0m
  [1m[35mSQL (0.4ms)[0m  INSERT INTO "users" ("username", "email", "created_at", "updated_at") VALUES (?, ?, ?, ?)  [["username", "Hawkeye Pierce"], ["email", "hawkeyepierce@hotmail.com"], ["created_at", "2018-03-21 21:27:41.097109"], ["updated_at", "2018-03-21 21:27:41.097109"]]
  [1m[36m (1.1ms)[0m  [1mcommit transaction[0m
  [1m[35m (0.1ms)[0m  begin transaction
  [1m[36mSQL (0.3ms)[0m  [1mINSERT INTO "users" ("username", "email", "created_at", "updated_at") VALUES (?, ?, ?, ?)[0m  [["username", "Leonard 'Bones' McCoy"], ["email", "leonard'bones'mcCoy@hotmail.com"], ["created_at", "2018-03-21 21:27:41.100195"], ["updated_at", "2018-03-21 21:27:41.100195"]]
  [1m[35m (0.9ms)[0m  commit transaction
  [1m[36m (0.1ms)[0m  [1mbegin transaction[0m
  [1m[35mSQL (0.4ms)[0m  INSERT INTO "users" ("username", "email", "created_at", "updated_at") VALUES (?, ?, ?, ?)  [["username", "Phillip Chandler"], ["email", "phillipchandler@hotmail.com"], ["created_at", "2018-03-21 21:27:41.102984"], ["updated_at", "2018-03-21 21:27:41.102984"]]
  [1m[36m (0.9ms)[0m  [1mcommit transaction[0m
  [1m[35m (0.0ms)[0m  begin transaction
  [1m[36mSQL (0.3ms)[0m  [1mINSERT INTO "users" ("username", "email", "created_at", "updated_at") VALUES (?, ?, ?, ?)[0m  [["username", "Michaela Quinn"], ["email", "michaelaquinn@hotmail.com"], ["created_at", "2018-03-21 21:27:41.105606"], ["updated_at", "2018-03-21 21:27:41.105606"]]
  [1m[35m (0.9ms)[0m  commit transaction
  [1m[36m (0.0ms)[0m  [1mbegin transaction[0m
  [1m[35mSQL (0.3ms)[0m  INSERT INTO "posts" ("title", "content", "created_at", "updated_at") VALUES (?, ?, ?, ?)  [["title", "Homer Simpson and fairy tail"], ["content", "Once upon a time"], ["created_at", "2018-03-21 21:27:41.113058"], ["updated_at", "2018-03-21 21:27:41.113058"]]
  [1m[36m (0.9ms)[0m  [1mcommit transaction[0m
  [1m[35m (0.1ms)[0m  begin transaction
  [1m[36mSQL (0.3ms)[0m  [1mINSERT INTO "posts" ("title", "content", "created_at", "updated_at") VALUES (?, ?, ?, ?)[0m  [["title", "Bart Simpson tries"], ["content", "Era uma vez"], ["created_at", "2018-03-21 21:27:41.115632"], ["updated_at", "2018-03-21 21:27:41.115632"]]
  [1m[35m (0.9ms)[0m  commit transaction
  [1m[36m (0.0ms)[0m  [1mbegin transaction[0m
  [1m[35mSQL (0.3ms)[0m  INSERT INTO "posts" ("title", "content", "created_at", "updated_at") VALUES (?, ?, ?, ?)  [["title", "Marge Simpson in love"], ["content", "I love cats"], ["created_at", "2018-03-21 21:27:41.118250"], ["updated_at", "2018-03-21 21:27:41.118250"]]
  [1m[36m (0.8ms)[0m  [1mcommit transaction[0m
  [1m[35m (0.0ms)[0m  begin transaction
  [1m[36mSQL (0.3ms)[0m  [1mINSERT INTO "posts" ("title", "content", "created_at", "updated_at") VALUES (?, ?, ?, ?)[0m  [["title", "Lisa Simpson "], ["content", "Life is beautiful"], ["created_at", "2018-03-21 21:27:41.120671"], ["updated_at", "2018-03-21 21:27:41.120671"]]
  [1m[35m (0.8ms)[0m  commit transaction
  [1m[36m (0.0ms)[0m  [1mbegin transaction[0m
  [1m[35mSQL (0.3ms)[0m  INSERT INTO "posts" ("title", "content", "created_at", "updated_at") VALUES (?, ?, ?, ?)  [["title", "Maggie Simpson ask"], ["content", "Why do babies cry"], ["created_at", "2018-03-21 21:27:41.123081"], ["updated_at", "2018-03-21 21:27:41.123081"]]
  [1m[36m (0.8ms)[0m  [1mcommit transaction[0m
  [1m[35m (0.0ms)[0m  begin transaction
  [1m[36mSQL (0.3ms)[0m  [1mINSERT INTO "comments" ("content", "post_id", "user_id", "created_at", "updated_at") VALUES (?, ?, ?, ?, ?)[0m  [["content", "Try again"], ["post_id", 6], ["user_id", 12], ["created_at", "2018-03-21 21:27:41.139186"], ["updated_at", "2018-03-21 21:27:41.139186"]]
  [1m[35m (0.7ms)[0m  commit transaction
  [1m[36m (0.1ms)[0m  [1mbegin transaction[0m
  [1m[35mSQL (0.4ms)[0m  INSERT INTO "comments" ("content", "post_id", "user_id", "created_at", "updated_at") VALUES (?, ?, ?, ?, ?)  [["content", "Why"], ["post_id", 7], ["user_id", 11], ["created_at", "2018-03-21 21:27:41.141750"], ["updated_at", "2018-03-21 21:27:41.141750"]]
  [1m[36m (0.9ms)[0m  [1mcommit transaction[0m
  [1m[35m (0.0ms)[0m  begin transaction
  [1m[36mSQL (0.2ms)[0m  [1mINSERT INTO "comments" ("content", "post_id", "user_id", "created_at", "updated_at") VALUES (?, ?, ?, ?, ?)[0m  [["content", "The history of"], ["post_id", 8], ["user_id", 15], ["created_at", "2018-03-21 21:27:41.144792"], ["updated_at", "2018-03-21 21:27:41.144792"]]
  [1m[35m (0.8ms)[0m  commit transaction
  [1m[36m (0.0ms)[0m  [1mbegin transaction[0m
  [1m[35mSQL (0.2ms)[0m  INSERT INTO "comments" ("content", "post_id", "user_id", "created_at", "updated_at") VALUES (?, ?, ?, ?, ?)  [["content", "Cats"], ["post_id", 9], ["user_id", 14], ["created_at", "2018-03-21 21:27:41.147132"], ["updated_at", "2018-03-21 21:27:41.147132"]]
  [1m[36m (0.7ms)[0m  [1mcommit transaction[0m
  [1m[35m (0.0ms)[0m  begin transaction
  [1m[36mSQL (0.5ms)[0m  [1mINSERT INTO "comments" ("content", "post_id", "user_id", "created_at", "updated_at") VALUES (?, ?, ?, ?, ?)[0m  [["content", "Life"], ["post_id", 10], ["user_id", 13], ["created_at", "2018-03-21 21:27:41.149442"], ["updated_at", "2018-03-21 21:27:41.149442"]]
  [1m[35m (0.8ms)[0m  commit transaction
  [1m[36m (0.0ms)[0m  [1mbegin transaction[0m
  [1m[35mSQL (0.2ms)[0m  INSERT INTO "comments" ("content", "post_id", "user_id", "created_at", "updated_at") VALUES (?, ?, ?, ?, ?)  [["content", "Whay is this?"], ["post_id", 6], ["user_id", 12], ["created_at", "2018-03-21 21:27:41.152251"], ["updated_at", "2018-03-21 21:27:41.152251"]]
  [1m[36m (0.7ms)[0m  [1mcommit transaction[0m
  [1m[35m (0.0ms)[0m  begin transaction
  [1m[36mSQL (0.3ms)[0m  [1mINSERT INTO "comments" ("content", "post_id", "user_id", "created_at", "updated_at") VALUES (?, ?, ?, ?, ?)[0m  [["content", "One more time..."], ["post_id", 8], ["user_id", 11], ["created_at", "2018-03-21 21:27:41.154484"], ["updated_at", "2018-03-21 21:27:41.154484"]]
  [1m[35m (0.7ms)[0m  commit transaction


Started GET "/users/1" for ::1 at 2018-03-21 17:27:46 -0400
Processing by UsersController#show as HTML
  Parameters: {"id"=>"1"}
  [1m[35mUser Load (0.2ms)[0m  SELECT  "users".* FROM "users" WHERE "users"."id" = ? LIMIT 1  [["id", 1]]
  [1m[36mPost Load (0.1ms)[0m  [1mSELECT "posts".* FROM "posts" INNER JOIN "comments" ON "posts"."id" = "comments"."post_id" WHERE "comments"."user_id" = ?[0m  [["user_id", 1]]
  Rendered users/show.html.erb within layouts/application (1.8ms)
Completed 200 OK in 40ms (Views: 38.2ms | ActiveRecord: 0.3ms)


Started GET "/posts/1/edit" for ::1 at 2018-03-21 17:28:47 -0400

AbstractController::ActionNotFound (The action 'edit' could not be found for PostsController):
  actionpack (4.2.10) lib/abstract_controller/base.rb:132:in `process'
  actionview (4.2.10) lib/action_view/rendering.rb:30:in `process'
  actionpack (4.2.10) lib/action_controller/metal.rb:196:in `dispatch'
  actionpack (4.2.10) lib/action_controller/metal/rack_delegation.rb:13:in `dispatch'
  actionpack (4.2.10) lib/action_controller/metal.rb:237:in `block in action'
  actionpack (4.2.10) lib/action_dispatch/routing/route_set.rb:74:in `dispatch'
  actionpack (4.2.10) lib/action_dispatch/routing/route_set.rb:43:in `serve'
  actionpack (4.2.10) lib/action_dispatch/journey/router.rb:43:in `block in serve'
  actionpack (4.2.10) lib/action_dispatch/journey/router.rb:30:in `each'
  actionpack (4.2.10) lib/action_dispatch/journey/router.rb:30:in `serve'
  actionpack (4.2.10) lib/action_dispatch/routing/route_set.rb:817:in `call'
  rack (1.6.9) lib/rack/etag.rb:24:in `call'
  rack (1.6.9) lib/rack/conditionalget.rb:25:in `call'
  rack (1.6.9) lib/rack/head.rb:13:in `call'
  actionpack (4.2.10) lib/action_dispatch/middleware/params_parser.rb:27:in `call'
  actionpack (4.2.10) lib/action_dispatch/middleware/flash.rb:260:in `call'
  rack (1.6.9) lib/rack/session/abstract/id.rb:225:in `context'
  rack (1.6.9) lib/rack/session/abstract/id.rb:220:in `call'
  actionpack (4.2.10) lib/action_dispatch/middleware/cookies.rb:560:in `call'
  activerecord (4.2.10) lib/active_record/query_cache.rb:36:in `call'
  activerecord (4.2.10) lib/active_record/connection_adapters/abstract/connection_pool.rb:653:in `call'
  activerecord (4.2.10) lib/active_record/migration.rb:377:in `call'
  actionpack (4.2.10) lib/action_dispatch/middleware/callbacks.rb:29:in `block in call'
  activesupport (4.2.10) lib/active_support/callbacks.rb:88:in `__run_callbacks__'
  activesupport (4.2.10) lib/active_support/callbacks.rb:778:in `_run_call_callbacks'
  activesupport (4.2.10) lib/active_support/callbacks.rb:81:in `run_callbacks'
  actionpack (4.2.10) lib/action_dispatch/middleware/callbacks.rb:27:in `call'
  actionpack (4.2.10) lib/action_dispatch/middleware/reloader.rb:73:in `call'
  actionpack (4.2.10) lib/action_dispatch/middleware/remote_ip.rb:78:in `call'
  actionpack (4.2.10) lib/action_dispatch/middleware/debug_exceptions.rb:17:in `call'
  actionpack (4.2.10) lib/action_dispatch/middleware/show_exceptions.rb:30:in `call'
  railties (4.2.10) lib/rails/rack/logger.rb:38:in `call_app'
  railties (4.2.10) lib/rails/rack/logger.rb:20:in `block in call'
  activesupport (4.2.10) lib/active_support/tagged_logging.rb:68:in `block in tagged'
  activesupport (4.2.10) lib/active_support/tagged_logging.rb:26:in `tagged'
  activesupport (4.2.10) lib/active_support/tagged_logging.rb:68:in `tagged'
  railties (4.2.10) lib/rails/rack/logger.rb:20:in `call'
  actionpack (4.2.10) lib/action_dispatch/middleware/request_id.rb:21:in `call'
  rack (1.6.9) lib/rack/methodoverride.rb:22:in `call'
  rack (1.6.9) lib/rack/runtime.rb:18:in `call'
  activesupport (4.2.10) lib/active_support/cache/strategy/local_cache_middleware.rb:28:in `call'
  rack (1.6.9) lib/rack/lock.rb:17:in `call'
  actionpack (4.2.10) lib/action_dispatch/middleware/static.rb:120:in `call'
  rack (1.6.9) lib/rack/sendfile.rb:113:in `call'
  railties (4.2.10) lib/rails/engine.rb:518:in `call'
  railties (4.2.10) lib/rails/application.rb:165:in `call'
  rack (1.6.9) lib/rack/lock.rb:17:in `call'
  rack (1.6.9) lib/rack/content_length.rb:15:in `call'
  rack (1.6.9) lib/rack/handler/webrick.rb:88:in `service'
  /Users/lidianvilazio/.rvm/rubies/ruby-2.3.3/lib/ruby/2.3.0/webrick/httpserver.rb:140:in `service'
  /Users/lidianvilazio/.rvm/rubies/ruby-2.3.3/lib/ruby/2.3.0/webrick/httpserver.rb:96:in `run'
  /Users/lidianvilazio/.rvm/rubies/ruby-2.3.3/lib/ruby/2.3.0/webrick/server.rb:296:in `block in start_thread'


  Rendered /Users/lidianvilazio/.rvm/gems/ruby-2.3.3/gems/actionpack-4.2.10/lib/action_dispatch/middleware/templates/rescues/unknown_action.html.erb within rescues/layout (0.4ms)


Started GET "/posts/1" for ::1 at 2018-03-21 17:28:52 -0400
Processing by PostsController#show as HTML
  Parameters: {"id"=>"1"}
  [1m[35mPost Load (0.1ms)[0m  SELECT  "posts".* FROM "posts" WHERE "posts"."id" = ? LIMIT 1  [["id", 1]]
  [1m[36mComment Load (0.2ms)[0m  [1mSELECT "comments".* FROM "comments" WHERE "comments"."post_id" = ?[0m  [["post_id", 1]]
  Rendered posts/show.html.erb within layouts/application (5.3ms)
Completed 200 OK in 47ms (Views: 37.7ms | ActiveRecord: 0.3ms)


Started GET "/posts/1" for ::1 at 2018-03-21 17:29:24 -0400
Processing by PostsController#show as HTML
  Parameters: {"id"=>"1"}
  [1m[35mPost Load (0.1ms)[0m  SELECT  "posts".* FROM "posts" WHERE "posts"."id" = ? LIMIT 1  [["id", 1]]
  [1m[36mUser Load (0.2ms)[0m  [1mSELECT "users".* FROM "users" INNER JOIN "comments" ON "users"."id" = "comments"."user_id" WHERE "comments"."post_id" = ?[0m  [["post_id", 1]]
  [1m[35mComment Load (0.2ms)[0m  SELECT "comments".* FROM "comments" WHERE "comments"."post_id" = ?  [["post_id", 1]]
  Rendered posts/show.html.erb within layouts/application (0.3ms)
Completed 200 OK in 161725ms (Views: 27.7ms | ActiveRecord: 1.3ms)


Started GET "/posts/1" for ::1 at 2018-03-21 17:32:07 -0400
Processing by PostsController#show as HTML
  Parameters: {"id"=>"1"}
  [1m[36mPost Load (0.2ms)[0m  [1mSELECT  "posts".* FROM "posts" WHERE "posts"."id" = ? LIMIT 1[0m  [["id", 1]]
  [1m[35mComment Load (0.3ms)[0m  SELECT "comments".* FROM "comments" WHERE "comments"."post_id" = ?  [["post_id", 1]]
  [1m[36mUser Load (0.1ms)[0m  [1mSELECT "users".* FROM "users" INNER JOIN "comments" ON "users"."id" = "comments"."user_id" WHERE "comments"."post_id" = ?[0m  [["post_id", 1]]
  Rendered posts/show.html.erb within layouts/application (0.4ms)
Completed 200 OK in 254292ms (Views: 28.1ms | ActiveRecord: 1.7ms)


Started GET "/posts/1" for ::1 at 2018-03-21 17:36:24 -0400
Processing by PostsController#show as HTML
  Parameters: {"id"=>"1"}
  [1m[35mPost Load (0.2ms)[0m  SELECT  "posts".* FROM "posts" WHERE "posts"."id" = ? LIMIT 1  [["id", 1]]
  [1m[36mComment Load (0.5ms)[0m  [1mSELECT "comments".* FROM "comments" WHERE "comments"."post_id" = ?[0m  [["post_id", 1]]
  [1m[35mComment Load (0.2ms)[0m  SELECT "comments".* FROM "comments"
  Rendered posts/show.html.erb within layouts/application (0.2ms)
Completed 200 OK in 119266ms (Views: 37.7ms | ActiveRecord: 1.9ms)


Started GET "/comments/1" for ::1 at 2018-03-21 17:38:54 -0400
  [1m[36mActiveRecord::SchemaMigration Load (0.1ms)[0m  [1mSELECT "schema_migrations".* FROM "schema_migrations"[0m
Processing by CommentsController#show as HTML
  Parameters: {"id"=>"1"}
  [1m[35mComment Load (0.2ms)[0m  SELECT  "comments".* FROM "comments" WHERE "comments"."id" = ? LIMIT 1  [["id", 1]]
  Rendered comments/show.html.erb within layouts/application (1.4ms)
Completed 200 OK in 258ms (Views: 233.8ms | ActiveRecord: 0.5ms)


Started GET "/comments/1" for ::1 at 2018-03-21 17:39:07 -0400
Processing by CommentsController#show as HTML
  Parameters: {"id"=>"1"}
  [1m[36mComment Load (0.1ms)[0m  [1mSELECT  "comments".* FROM "comments" WHERE "comments"."id" = ? LIMIT 1[0m  [["id", 1]]
  Rendered comments/show.html.erb within layouts/application (0.3ms)
Completed 200 OK in 17ms (Views: 16.1ms | ActiveRecord: 0.1ms)


Started GET "/comments/1" for ::1 at 2018-03-21 17:39:19 -0400
Processing by CommentsController#show as HTML
  Parameters: {"id"=>"1"}
  [1m[35mComment Load (0.1ms)[0m  SELECT  "comments".* FROM "comments" WHERE "comments"."id" = ? LIMIT 1  [["id", 1]]
  [1m[36mUser Load (0.1ms)[0m  [1mSELECT  "users".* FROM "users" WHERE "users"."id" = ? LIMIT 1[0m  [["id", 12]]
  Rendered comments/show.html.erb within layouts/application (20.4ms)
Completed 200 OK in 57ms (Views: 55.1ms | ActiveRecord: 0.4ms)


Started GET "/comments/1" for ::1 at 2018-03-21 17:39:28 -0400
Processing by CommentsController#show as HTML
  Parameters: {"id"=>"1"}
  [1m[35mComment Load (0.2ms)[0m  SELECT  "comments".* FROM "comments" WHERE "comments"."id" = ? LIMIT 1  [["id", 1]]
  [1m[36mUser Load (0.1ms)[0m  [1mSELECT  "users".* FROM "users" WHERE "users"."id" = ? LIMIT 1[0m  [["id", 12]]
  Rendered comments/show.html.erb within layouts/application (12.8ms)
Completed 500 Internal Server Error in 22ms (ActiveRecord: 0.3ms)

ActionView::Template::Error (undefined method `name' for #<User:0x007f808f55f138>):
    1: <%= @comment.content%>
    2: 
    3: <%= @comment.user.name%>
  app/views/comments/show.html.erb:3:in `_app_views_comments_show_html_erb___4099012701100049022_70095068672140'


  Rendered /Users/lidianvilazio/.rvm/gems/ruby-2.3.3/gems/actionpack-4.2.10/lib/action_dispatch/middleware/templates/rescues/_source.erb (4.6ms)
  Rendered /Users/lidianvilazio/.rvm/gems/ruby-2.3.3/gems/actionpack-4.2.10/lib/action_dispatch/middleware/templates/rescues/_trace.html.erb (2.5ms)
  Rendered /Users/lidianvilazio/.rvm/gems/ruby-2.3.3/gems/actionpack-4.2.10/lib/action_dispatch/middleware/templates/rescues/_request_and_response.html.erb (0.8ms)
  Rendered /Users/lidianvilazio/.rvm/gems/ruby-2.3.3/gems/actionpack-4.2.10/lib/action_dispatch/middleware/templates/rescues/template_error.html.erb within rescues/layout (80.4ms)


Started GET "/comments/1" for ::1 at 2018-03-21 17:39:41 -0400
Processing by CommentsController#show as HTML
  Parameters: {"id"=>"1"}
  [1m[35mComment Load (0.1ms)[0m  SELECT  "comments".* FROM "comments" WHERE "comments"."id" = ? LIMIT 1  [["id", 1]]
  [1m[36mUser Load (0.2ms)[0m  [1mSELECT  "users".* FROM "users" WHERE "users"."id" = ? LIMIT 1[0m  [["id", 12]]
  Rendered comments/show.html.erb within layouts/application (0.5ms)
Completed 200 OK in 56945ms (Views: 24.5ms | ActiveRecord: 0.9ms)


Started GET "/comments/1" for ::1 at 2018-03-21 17:40:41 -0400
Processing by CommentsController#show as HTML
  Parameters: {"id"=>"1"}
  [1m[35mComment Load (0.1ms)[0m  SELECT  "comments".* FROM "comments" WHERE "comments"."id" = ? LIMIT 1  [["id", 1]]
  [1m[36mUser Load (0.1ms)[0m  [1mSELECT  "users".* FROM "users" WHERE "users"."id" = ? LIMIT 1[0m  [["id", 12]]
  Rendered comments/show.html.erb within layouts/application (6.5ms)
Completed 200 OK in 35ms (Views: 28.8ms | ActiveRecord: 0.7ms)


Started GET "/comments/1" for ::1 at 2018-03-21 17:40:44 -0400
Processing by CommentsController#show as HTML
  Parameters: {"id"=>"1"}
  [1m[35mComment Load (0.1ms)[0m  SELECT  "comments".* FROM "comments" WHERE "comments"."id" = ? LIMIT 1  [["id", 1]]
  [1m[36mUser Load (0.1ms)[0m  [1mSELECT  "users".* FROM "users" WHERE "users"."id" = ? LIMIT 1[0m  [["id", 12]]
  Rendered comments/show.html.erb within layouts/application (1.0ms)
Completed 200 OK in 20ms (Views: 19.2ms | ActiveRecord: 0.2ms)


Started GET "/comments/1" for ::1 at 2018-03-21 17:41:08 -0400
Processing by CommentsController#show as HTML
  Parameters: {"id"=>"1"}
  [1m[35mComment Load (0.1ms)[0m  SELECT  "comments".* FROM "comments" WHERE "comments"."id" = ? LIMIT 1  [["id", 1]]
  [1m[36mUser Load (0.1ms)[0m  [1mSELECT  "users".* FROM "users" WHERE "users"."id" = ? LIMIT 1[0m  [["id", 12]]
  Rendered comments/show.html.erb within layouts/application (1.1ms)
Completed 200 OK in 20ms (Views: 18.5ms | ActiveRecord: 0.2ms)


Started GET "/comments/1" for ::1 at 2018-03-21 17:41:15 -0400
Processing by CommentsController#show as HTML
  Parameters: {"id"=>"1"}
  [1m[35mComment Load (0.1ms)[0m  SELECT  "comments".* FROM "comments" WHERE "comments"."id" = ? LIMIT 1  [["id", 1]]
  [1m[36mUser Load (0.1ms)[0m  [1mSELECT  "users".* FROM "users" WHERE "users"."id" = ? LIMIT 1[0m  [["id", 12]]
  Rendered comments/show.html.erb within layouts/application (0.8ms)
Completed 200 OK in 18ms (Views: 16.6ms | ActiveRecord: 0.2ms)


Started GET "/comments/1" for ::1 at 2018-03-21 17:41:16 -0400
Processing by CommentsController#show as HTML
  Parameters: {"id"=>"1"}
  [1m[35mComment Load (0.1ms)[0m  SELECT  "comments".* FROM "comments" WHERE "comments"."id" = ? LIMIT 1  [["id", 1]]
  [1m[36mUser Load (0.1ms)[0m  [1mSELECT  "users".* FROM "users" WHERE "users"."id" = ? LIMIT 1[0m  [["id", 12]]
  Rendered comments/show.html.erb within layouts/application (0.7ms)
Completed 200 OK in 17ms (Views: 15.6ms | ActiveRecord: 0.2ms)


Started GET "/comments/1" for ::1 at 2018-03-21 17:41:17 -0400
Processing by CommentsController#show as HTML
  Parameters: {"id"=>"1"}
  [1m[35mComment Load (0.1ms)[0m  SELECT  "comments".* FROM "comments" WHERE "comments"."id" = ? LIMIT 1  [["id", 1]]
  [1m[36mUser Load (0.1ms)[0m  [1mSELECT  "users".* FROM "users" WHERE "users"."id" = ? LIMIT 1[0m  [["id", 12]]
  Rendered comments/show.html.erb within layouts/application (0.6ms)
Completed 200 OK in 17ms (Views: 16.1ms | ActiveRecord: 0.1ms)


Started GET "/comments/1" for ::1 at 2018-03-21 17:41:24 -0400
Processing by CommentsController#show as HTML
  Parameters: {"id"=>"1"}
  [1m[35mComment Load (0.1ms)[0m  SELECT  "comments".* FROM "comments" WHERE "comments"."id" = ? LIMIT 1  [["id", 1]]
  [1m[36mUser Load (0.1ms)[0m  [1mSELECT  "users".* FROM "users" WHERE "users"."id" = ? LIMIT 1[0m  [["id", 12]]
  Rendered comments/show.html.erb within layouts/application (1.1ms)
Completed 200 OK in 22ms (Views: 20.5ms | ActiveRecord: 0.2ms)


Started GET "/comments/1" for ::1 at 2018-03-21 17:41:37 -0400
Processing by CommentsController#show as HTML
  Parameters: {"id"=>"1"}
  [1m[35mComment Load (0.1ms)[0m  SELECT  "comments".* FROM "comments" WHERE "comments"."id" = ? LIMIT 1  [["id", 1]]
  [1m[36mUser Load (0.2ms)[0m  [1mSELECT  "users".* FROM "users" WHERE "users"."id" = ? LIMIT 1[0m  [["id", 12]]
  Rendered comments/show.html.erb within layouts/application (1.3ms)
Completed 200 OK in 17ms (Views: 16.2ms | ActiveRecord: 0.2ms)


Started GET "/comments/1" for ::1 at 2018-03-21 17:42:35 -0400
Processing by CommentsController#show as HTML
  Parameters: {"id"=>"1"}
  [1m[35mComment Load (0.1ms)[0m  SELECT  "comments".* FROM "comments" WHERE "comments"."id" = ? LIMIT 1  [["id", 1]]
  [1m[36mUser Load (0.1ms)[0m  [1mSELECT  "users".* FROM "users" WHERE "users"."id" = ? LIMIT 1[0m  [["id", 12]]
  [1m[35mPost Load (0.2ms)[0m  SELECT  "posts".* FROM "posts" WHERE "posts"."id" = ? LIMIT 1  [["id", 6]]
  Rendered comments/show.html.erb within layouts/application (6.4ms)
Completed 200 OK in 23ms (Views: 21.4ms | ActiveRecord: 0.5ms)


Started GET "/comments/1" for ::1 at 2018-03-21 17:42:42 -0400
Processing by CommentsController#show as HTML
  Parameters: {"id"=>"1"}
  [1m[36mComment Load (0.1ms)[0m  [1mSELECT  "comments".* FROM "comments" WHERE "comments"."id" = ? LIMIT 1[0m  [["id", 1]]
  [1m[35mUser Load (0.1ms)[0m  SELECT  "users".* FROM "users" WHERE "users"."id" = ? LIMIT 1  [["id", 12]]
  [1m[36mPost Load (0.1ms)[0m  [1mSELECT  "posts".* FROM "posts" WHERE "posts"."id" = ? LIMIT 1[0m  [["id", 6]]
  Rendered comments/show.html.erb within layouts/application (1.6ms)
Completed 200 OK in 16ms (Views: 15.0ms | ActiveRecord: 0.3ms)


Started GET "/comments/1" for ::1 at 2018-03-21 17:43:42 -0400
Processing by CommentsController#show as HTML
  Parameters: {"id"=>"1"}
  [1m[35mComment Load (0.1ms)[0m  SELECT  "comments".* FROM "comments" WHERE "comments"."id" = ? LIMIT 1  [["id", 1]]
  [1m[36mPost Load (0.1ms)[0m  [1mSELECT  "posts".* FROM "posts" WHERE "posts"."id" = ? LIMIT 1[0m  [["id", 6]]
  [1m[35mUser Load (0.1ms)[0m  SELECT  "users".* FROM "users" WHERE "users"."id" = ? LIMIT 1  [["id", 12]]
  Rendered comments/show.html.erb within layouts/application (1.2ms)
Completed 200 OK in 22ms (Views: 21.0ms | ActiveRecord: 0.2ms)


Started GET "/comments/1" for ::1 at 2018-03-21 17:43:59 -0400
Processing by CommentsController#show as HTML
  Parameters: {"id"=>"1"}
  [1m[36mComment Load (0.1ms)[0m  [1mSELECT  "comments".* FROM "comments" WHERE "comments"."id" = ? LIMIT 1[0m  [["id", 1]]
  [1m[35mPost Load (0.1ms)[0m  SELECT  "posts".* FROM "posts" WHERE "posts"."id" = ? LIMIT 1  [["id", 6]]
  [1m[36mUser Load (0.1ms)[0m  [1mSELECT  "users".* FROM "users" WHERE "users"."id" = ? LIMIT 1[0m  [["id", 12]]
  Rendered comments/show.html.erb within layouts/application (1.6ms)
Completed 200 OK in 19ms (Views: 17.8ms | ActiveRecord: 0.2ms)


Started GET "/comments/1" for ::1 at 2018-03-21 17:44:12 -0400
Processing by CommentsController#show as HTML
  Parameters: {"id"=>"1"}
  [1m[35mComment Load (0.1ms)[0m  SELECT  "comments".* FROM "comments" WHERE "comments"."id" = ? LIMIT 1  [["id", 1]]
  [1m[36mPost Load (0.1ms)[0m  [1mSELECT  "posts".* FROM "posts" WHERE "posts"."id" = ? LIMIT 1[0m  [["id", 6]]
  [1m[35mUser Load (0.1ms)[0m  SELECT  "users".* FROM "users" WHERE "users"."id" = ? LIMIT 1  [["id", 12]]
  Rendered comments/show.html.erb within layouts/application (1.3ms)
Completed 200 OK in 18ms (Views: 17.2ms | ActiveRecord: 0.2ms)


Started GET "/posts/1" for ::1 at 2018-03-21 17:44:34 -0400
Processing by PostsController#show as HTML
  Parameters: {"id"=>"1"}
  [1m[36mPost Load (0.1ms)[0m  [1mSELECT  "posts".* FROM "posts" WHERE "posts"."id" = ? LIMIT 1[0m  [["id", 1]]
  [1m[35mComment Load (0.1ms)[0m  SELECT "comments".* FROM "comments" WHERE "comments"."post_id" = ?  [["post_id", 1]]
Completed   in 211563ms (ActiveRecord: 0.2ms)


Started GET "/comments/1" for ::1 at 2018-03-21 17:48:32 -0400
  [1m[36mActiveRecord::SchemaMigration Load (0.1ms)[0m  [1mSELECT "schema_migrations".* FROM "schema_migrations"[0m
Processing by CommentsController#show as HTML
  Parameters: {"id"=>"1"}
  [1m[35mComment Load (0.1ms)[0m  SELECT  "comments".* FROM "comments" WHERE "comments"."id" = ? LIMIT 1  [["id", 1]]
  [1m[36mPost Load (0.1ms)[0m  [1mSELECT  "posts".* FROM "posts" WHERE "posts"."id" = ? LIMIT 1[0m  [["id", 6]]
  [1m[35mUser Load (0.1ms)[0m  SELECT  "users".* FROM "users" WHERE "users"."id" = ? LIMIT 1  [["id", 12]]
  Rendered comments/show.html.erb within layouts/application (25.8ms)
Completed 500 Internal Server Error in 58ms (ActiveRecord: 0.9ms)

ActionView::Template::Error (wrong number of arguments (given 1, expected 0)):
    2: <ul>
    3:   <li>
    4:     Pots: <%= @comment.post.content%><br>
    5:     <%= link_to @comment.user.username user_path(@comment.user)%>'s comment: <%= @comment.content%><br>
    6:   </li>
    7: </ul>
  app/views/comments/show.html.erb:5:in `_app_views_comments_show_html_erb__658739572496818284_70097363893580'


  Rendered /Users/lidianvilazio/.rvm/gems/ruby-2.3.3/gems/actionpack-4.2.10/lib/action_dispatch/middleware/templates/rescues/_source.erb (4.5ms)
  Rendered /Users/lidianvilazio/.rvm/gems/ruby-2.3.3/gems/actionpack-4.2.10/lib/action_dispatch/middleware/templates/rescues/_trace.html.erb (1.7ms)
  Rendered /Users/lidianvilazio/.rvm/gems/ruby-2.3.3/gems/actionpack-4.2.10/lib/action_dispatch/middleware/templates/rescues/_request_and_response.html.erb (0.7ms)
  Rendered /Users/lidianvilazio/.rvm/gems/ruby-2.3.3/gems/actionpack-4.2.10/lib/action_dispatch/middleware/templates/rescues/template_error.html.erb within rescues/layout (69.9ms)


Started GET "/comments/1" for ::1 at 2018-03-21 17:48:35 -0400
Processing by CommentsController#show as HTML
  Parameters: {"id"=>"1"}
  [1m[36mComment Load (0.1ms)[0m  [1mSELECT  "comments".* FROM "comments" WHERE "comments"."id" = ? LIMIT 1[0m  [["id", 1]]
  [1m[35mPost Load (0.1ms)[0m  SELECT  "posts".* FROM "posts" WHERE "posts"."id" = ? LIMIT 1  [["id", 6]]
  [1m[36mUser Load (0.1ms)[0m  [1mSELECT  "users".* FROM "users" WHERE "users"."id" = ? LIMIT 1[0m  [["id", 12]]
  Rendered comments/show.html.erb within layouts/application (3.2ms)
Completed 500 Internal Server Error in 8ms (ActiveRecord: 0.2ms)

ActionView::Template::Error (wrong number of arguments (given 1, expected 0)):
    2: <ul>
    3:   <li>
    4:     Pots: <%= @comment.post.content%><br>
    5:     <%= link_to @comment.user.username user_path(@comment.user)%>'s comment: <%= @comment.content%><br>
    6:   </li>
    7: </ul>
  app/views/comments/show.html.erb:5:in `_app_views_comments_show_html_erb__658739572496818284_70097363893580'


  Rendered /Users/lidianvilazio/.rvm/gems/ruby-2.3.3/gems/actionpack-4.2.10/lib/action_dispatch/middleware/templates/rescues/_source.erb (4.6ms)
  Rendered /Users/lidianvilazio/.rvm/gems/ruby-2.3.3/gems/actionpack-4.2.10/lib/action_dispatch/middleware/templates/rescues/_trace.html.erb (1.9ms)
  Rendered /Users/lidianvilazio/.rvm/gems/ruby-2.3.3/gems/actionpack-4.2.10/lib/action_dispatch/middleware/templates/rescues/_request_and_response.html.erb (0.7ms)
  Rendered /Users/lidianvilazio/.rvm/gems/ruby-2.3.3/gems/actionpack-4.2.10/lib/action_dispatch/middleware/templates/rescues/template_error.html.erb within rescues/layout (69.7ms)


Started GET "/comments/1" for ::1 at 2018-03-21 17:49:00 -0400
Processing by CommentsController#show as HTML
  Parameters: {"id"=>"1"}
  [1m[35mComment Load (0.1ms)[0m  SELECT  "comments".* FROM "comments" WHERE "comments"."id" = ? LIMIT 1  [["id", 1]]
  [1m[36mPost Load (0.1ms)[0m  [1mSELECT  "posts".* FROM "posts" WHERE "posts"."id" = ? LIMIT 1[0m  [["id", 6]]
  [1m[35mUser Load (0.1ms)[0m  SELECT  "users".* FROM "users" WHERE "users"."id" = ? LIMIT 1  [["id", 12]]
  Rendered comments/show.html.erb within layouts/application (3.3ms)
Completed 500 Internal Server Error in 10ms (ActiveRecord: 0.2ms)

ActionView::Template::Error (wrong number of arguments (given 1, expected 0)):
    2: <ul>
    3:   <li>
    4:     Pots: <%= @comment.post.content%><br>
    5:     <%= link_to @comment.user.username user_path%>'s comment: <%= @comment.content%><br>
    6:   </li>
    7: </ul>
  app/views/comments/show.html.erb:5:in `_app_views_comments_show_html_erb__658739572496818284_70097367361980'


  Rendered /Users/lidianvilazio/.rvm/gems/ruby-2.3.3/gems/actionpack-4.2.10/lib/action_dispatch/middleware/templates/rescues/_source.erb (5.9ms)
  Rendered /Users/lidianvilazio/.rvm/gems/ruby-2.3.3/gems/actionpack-4.2.10/lib/action_dispatch/middleware/templates/rescues/_trace.html.erb (2.4ms)
  Rendered /Users/lidianvilazio/.rvm/gems/ruby-2.3.3/gems/actionpack-4.2.10/lib/action_dispatch/middleware/templates/rescues/_request_and_response.html.erb (0.7ms)
  Rendered /Users/lidianvilazio/.rvm/gems/ruby-2.3.3/gems/actionpack-4.2.10/lib/action_dispatch/middleware/templates/rescues/template_error.html.erb within rescues/layout (71.4ms)


Started GET "/comments/1" for ::1 at 2018-03-21 17:49:13 -0400
Processing by CommentsController#show as HTML
  Parameters: {"id"=>"1"}
  [1m[36mComment Load (0.1ms)[0m  [1mSELECT  "comments".* FROM "comments" WHERE "comments"."id" = ? LIMIT 1[0m  [["id", 1]]
  [1m[35mPost Load (0.1ms)[0m  SELECT  "posts".* FROM "posts" WHERE "posts"."id" = ? LIMIT 1  [["id", 6]]
  [1m[36mUser Load (0.1ms)[0m  [1mSELECT  "users".* FROM "users" WHERE "users"."id" = ? LIMIT 1[0m  [["id", 12]]
  Rendered comments/show.html.erb within layouts/application (1.8ms)
Completed 200 OK in 200ms (Views: 198.4ms | ActiveRecord: 0.2ms)


Started GET "/users/12" for ::1 at 2018-03-21 17:49:14 -0400
Processing by UsersController#show as HTML
  Parameters: {"id"=>"12"}
  [1m[35mUser Load (0.1ms)[0m  SELECT  "users".* FROM "users" WHERE "users"."id" = ? LIMIT 1  [["id", 12]]
  [1m[36mPost Load (0.3ms)[0m  [1mSELECT "posts".* FROM "posts" INNER JOIN "comments" ON "posts"."id" = "comments"."post_id" WHERE "comments"."user_id" = ?[0m  [["user_id", 12]]
  Rendered users/show.html.erb within layouts/application (26.6ms)
Completed 200 OK in 57ms (Views: 54.6ms | ActiveRecord: 0.4ms)


Started GET "/posts/6" for ::1 at 2018-03-21 17:49:20 -0400
Processing by PostsController#show as HTML
  Parameters: {"id"=>"6"}
  [1m[35mPost Load (0.2ms)[0m  SELECT  "posts".* FROM "posts" WHERE "posts"."id" = ? LIMIT 1  [["id", 6]]
  [1m[36mComment Load (0.4ms)[0m  [1mSELECT "comments".* FROM "comments" WHERE "comments"."post_id" = ?[0m  [["post_id", 6]]
  [1m[35mUser Load (0.1ms)[0m  SELECT  "users".* FROM "users" WHERE "users"."id" = ? LIMIT 1  [["id", 12]]
  [1m[36mCACHE (0.0ms)[0m  [1mSELECT  "users".* FROM "users" WHERE "users"."id" = ? LIMIT 1[0m  [["id", 12]]
  Rendered posts/show.html.erb within layouts/application (13.8ms)
Completed 200 OK in 54ms (Views: 50.3ms | ActiveRecord: 0.7ms)


Started GET "/posts/6" for ::1 at 2018-03-21 17:49:22 -0400
Processing by PostsController#show as HTML
  Parameters: {"id"=>"6"}
  [1m[35mPost Load (0.2ms)[0m  SELECT  "posts".* FROM "posts" WHERE "posts"."id" = ? LIMIT 1  [["id", 6]]
  [1m[36mComment Load (0.1ms)[0m  [1mSELECT "comments".* FROM "comments" WHERE "comments"."post_id" = ?[0m  [["post_id", 6]]
  [1m[35mUser Load (0.2ms)[0m  SELECT  "users".* FROM "users" WHERE "users"."id" = ? LIMIT 1  [["id", 12]]
  [1m[36mCACHE (0.0ms)[0m  [1mSELECT  "users".* FROM "users" WHERE "users"."id" = ? LIMIT 1[0m  [["id", 12]]
  Rendered posts/show.html.erb within layouts/application (5.4ms)
Completed 200 OK in 40ms (Views: 36.1ms | ActiveRecord: 0.6ms)


Started GET "/users/12" for ::1 at 2018-03-21 17:49:33 -0400
Processing by UsersController#show as HTML
  Parameters: {"id"=>"12"}
  [1m[35mUser Load (0.1ms)[0m  SELECT  "users".* FROM "users" WHERE "users"."id" = ? LIMIT 1  [["id", 12]]
  [1m[36mPost Load (0.8ms)[0m  [1mSELECT "posts".* FROM "posts" INNER JOIN "comments" ON "posts"."id" = "comments"."post_id" WHERE "comments"."user_id" = ?[0m  [["user_id", 12]]
  Rendered users/show.html.erb within layouts/application (4.7ms)
Completed 200 OK in 41ms (Views: 37.1ms | ActiveRecord: 0.9ms)


Started GET "/posts/6" for ::1 at 2018-03-21 17:49:38 -0400
Processing by PostsController#show as HTML
  Parameters: {"id"=>"6"}
  [1m[35mPost Load (0.1ms)[0m  SELECT  "posts".* FROM "posts" WHERE "posts"."id" = ? LIMIT 1  [["id", 6]]
  [1m[36mComment Load (0.3ms)[0m  [1mSELECT "comments".* FROM "comments" WHERE "comments"."post_id" = ?[0m  [["post_id", 6]]
  [1m[35mUser Load (0.1ms)[0m  SELECT  "users".* FROM "users" WHERE "users"."id" = ? LIMIT 1  [["id", 12]]
  [1m[36mCACHE (0.0ms)[0m  [1mSELECT  "users".* FROM "users" WHERE "users"."id" = ? LIMIT 1[0m  [["id", 12]]
  Rendered posts/show.html.erb within layouts/application (5.6ms)
Completed 200 OK in 35ms (Views: 31.5ms | ActiveRecord: 0.7ms)


Started GET "/users/12" for ::1 at 2018-03-21 17:49:48 -0400
Processing by UsersController#show as HTML
  Parameters: {"id"=>"12"}
  [1m[35mUser Load (0.1ms)[0m  SELECT  "users".* FROM "users" WHERE "users"."id" = ? LIMIT 1  [["id", 12]]
  [1m[36mPost Load (0.2ms)[0m  [1mSELECT "posts".* FROM "posts" INNER JOIN "comments" ON "posts"."id" = "comments"."post_id" WHERE "comments"."user_id" = ?[0m  [["user_id", 12]]
  Rendered users/show.html.erb within layouts/application (3.2ms)
Completed 200 OK in 35ms (Views: 33.5ms | ActiveRecord: 0.3ms)


Started GET "/posts/6" for ::1 at 2018-03-21 17:49:51 -0400
Processing by PostsController#show as HTML
  Parameters: {"id"=>"6"}
  [1m[35mPost Load (0.1ms)[0m  SELECT  "posts".* FROM "posts" WHERE "posts"."id" = ? LIMIT 1  [["id", 6]]
  [1m[36mComment Load (0.1ms)[0m  [1mSELECT "comments".* FROM "comments" WHERE "comments"."post_id" = ?[0m  [["post_id", 6]]
  [1m[35mUser Load (0.2ms)[0m  SELECT  "users".* FROM "users" WHERE "users"."id" = ? LIMIT 1  [["id", 12]]
  [1m[36mCACHE (0.0ms)[0m  [1mSELECT  "users".* FROM "users" WHERE "users"."id" = ? LIMIT 1[0m  [["id", 12]]
  Rendered posts/show.html.erb within layouts/application (4.0ms)
Completed 200 OK in 37ms (Views: 36.0ms | ActiveRecord: 0.4ms)


Started GET "/users/12" for ::1 at 2018-03-21 17:49:52 -0400
Processing by UsersController#show as HTML
  Parameters: {"id"=>"12"}
  [1m[35mUser Load (0.1ms)[0m  SELECT  "users".* FROM "users" WHERE "users"."id" = ? LIMIT 1  [["id", 12]]
  [1m[36mPost Load (0.2ms)[0m  [1mSELECT "posts".* FROM "posts" INNER JOIN "comments" ON "posts"."id" = "comments"."post_id" WHERE "comments"."user_id" = ?[0m  [["user_id", 12]]
  Rendered users/show.html.erb within layouts/application (3.6ms)
Completed 200 OK in 42ms (Views: 38.7ms | ActiveRecord: 0.3ms)


Started GET "/posts/6" for ::1 at 2018-03-21 17:49:53 -0400
Processing by PostsController#show as HTML
  Parameters: {"id"=>"6"}
  [1m[35mPost Load (0.1ms)[0m  SELECT  "posts".* FROM "posts" WHERE "posts"."id" = ? LIMIT 1  [["id", 6]]
  [1m[36mComment Load (0.1ms)[0m  [1mSELECT "comments".* FROM "comments" WHERE "comments"."post_id" = ?[0m  [["post_id", 6]]
  [1m[35mUser Load (0.1ms)[0m  SELECT  "users".* FROM "users" WHERE "users"."id" = ? LIMIT 1  [["id", 12]]
  [1m[36mCACHE (1.3ms)[0m  [1mSELECT  "users".* FROM "users" WHERE "users"."id" = ? LIMIT 1[0m  [["id", 12]]
  Rendered posts/show.html.erb within layouts/application (5.0ms)
Completed 200 OK in 34ms (Views: 31.5ms | ActiveRecord: 1.7ms)
